<?xml version="1.0" encoding="UTF-8"?>
<testsuite name="com.blockreality.core.world.ConstructionLedgerTest" tests="10" skipped="0" failures="0" errors="0" timestamp="2026-09-09T21:31:38" hostname="ROCKYLAPTOP" time="0.522">
  <properties/>
  <testcase name="cellAndEpochBoundsRefuseWithoutEvictionOrWraparound()" classname="com.blockreality.core.world.ConstructionLedgerTest" time="0.226"/>
  <testcase name="frameRunsKeepParallelCrossingProductAndUndeclaredAxesSeparate()" classname="com.blockreality.core.world.ConstructionLedgerTest" time="0.005"/>
  <testcase name="immutableWorkerInputAndStaleCompletionCannotOverwriteNewEdits()" classname="com.blockreality.core.world.ConstructionLedgerTest" time="0.006"/>
  <testcase name="historyAndLineageBoundsCannotEvictPublishedAncestors()" classname="com.blockreality.core.world.ConstructionLedgerTest" time="0.275"/>
  <testcase name="restoredRegistryIsIndependentOfLoadedObservationOrderAndEmptyWorldRetires()" classname="com.blockreality.core.world.ConstructionLedgerTest" time="0.002"/>
  <testcase name="splitRetiresParentEvenWhenOneChildWasCompletelyReplacedInTheBatch()" classname="com.blockreality.core.world.ConstructionLedgerTest" time="0.001"/>
  <testcase name="monolithAndPanelGroupsUseOnlyDeclaredProductsAndFaceAdjacency()" classname="com.blockreality.core.world.ConstructionLedgerTest" time="0.001"/>
  <testcase name="splitAndMergeCreateNewIdentitiesWithExactLineage()" classname="com.blockreality.core.world.ConstructionLedgerTest" time="0.001"/>
  <testcase name="fullDestructionAndSameTickReplacementCannotResurrectIdentityEvenAfterPendingSave()" classname="com.blockreality.core.world.ConstructionLedgerTest" time="0.0"/>
  <testcase name="noOpExtensionTrimAndUnrelatedObjectsRetainPublishedIdentity()" classname="com.blockreality.core.world.ConstructionLedgerTest" time="0.001"/>
  <system-out><![CDATA[]]></system-out>
  <system-err><![CDATA[]]></system-err>
</testsuite>
