<?xml version="1.0" encoding="UTF-8"?>
<testsuite name="com.blockreality.core.world.ConstructionCodecTest" tests="3" skipped="0" failures="0" errors="0" timestamp="2026-09-09T21:31:37" hostname="ROCKYLAPTOP" time="0.061">
  <properties/>
  <testcase name="resignedUnknownSchemaAndInvalidEpochCounterAndCountsStillRefuse()" classname="com.blockreality.core.world.ConstructionCodecTest" time="0.045"/>
  <testcase name="corruptionTruncationAndTrailingDataAlwaysRefuse()" classname="com.blockreality.core.world.ConstructionCodecTest" time="0.012"/>
  <testcase name="duplicateIdsOwnershipAndOrphanParentsRefuseEvenWithValidChecksum()" classname="com.blockreality.core.world.ConstructionCodecTest" time="0.003"/>
  <system-out><![CDATA[]]></system-out>
  <system-err><![CDATA[]]></system-err>
</testsuite>
