<?xml version="1.0" encoding="UTF-8"?>
<testsuite name="com.blockreality.core.bsi.BsiVocabularyTest" tests="3" skipped="0" failures="0" errors="0" timestamp="2026-09-10T01:35:54" hostname="rockylaptop" time="0.016">
  <properties/>
  <testcase name="refusesRepliesForAnotherSessionRequestOrRevision()" classname="com.blockreality.core.bsi.BsiVocabularyTest" time="0.004"/>
  <testcase name="usesReturnedIdsInsteadOfDeclarationOrder()" classname="com.blockreality.core.bsi.BsiVocabularyTest" time="0.003"/>
  <testcase name="refusesMalformedAndAmbiguousIdentityTables()" classname="com.blockreality.core.bsi.BsiVocabularyTest" time="0.006"/>
  <system-out><![CDATA[]]></system-out>
  <system-err><![CDATA[]]></system-err>
</testsuite>
