<?xml version="1.0" encoding="UTF-8"?>
<testsuite name="com.blockreality.core.render.BucklingReadoutTest" tests="3" skipped="0" failures="0" errors="0" timestamp="2026-09-10T01:35:55" hostname="rockylaptop" time="0.019">
  <properties/>
  <testcase name="refusedWorldKeepsTheSuppliedLocalCriticalWarning()" classname="com.blockreality.core.render.BucklingReadoutTest" time="0.002"/>
  <testcase name="neverDerivesCriticalFromTheDisplayedFactor()" classname="com.blockreality.core.render.BucklingReadoutTest" time="0.014"/>
  <testcase name="everyWorldStateHasAnExplicitReadout()" classname="com.blockreality.core.render.BucklingReadoutTest" time="0.002"/>
  <system-out><![CDATA[]]></system-out>
  <system-err><![CDATA[]]></system-err>
</testsuite>
