<?xml version="1.0" encoding="UTF-8"?>
<testsuite name="com.blockreality.core.sidecar.SidecarPathsTest" tests="4" skipped="1" failures="0" errors="0" timestamp="2026-09-10T01:35:58" hostname="rockylaptop" time="0.003">
  <properties/>
  <testcase name="whatExplorersCopyAsPathGivesYouIsAPath()" classname="com.blockreality.core.sidecar.SidecarPathsTest" time="0.001"/>
  <testcase name="blankAndNullAreSimplyAbsent()" classname="com.blockreality.core.sidecar.SidecarPathsTest" time="0.0"/>
  <testcase name="aStringThatCannotBeAPathIsReportedAndNotThrown()" classname="com.blockreality.core.sidecar.SidecarPathsTest" time="0.001">
    <skipped/>
  </testcase>
  <testcase name="surroundingSpaceIsNotPartOfTheName()" classname="com.blockreality.core.sidecar.SidecarPathsTest" time="0.0"/>
  <system-out><![CDATA[]]></system-out>
  <system-err><![CDATA[]]></system-err>
</testsuite>
