<?xml version="1.0" encoding="UTF-8"?>
<testsuite name="com.blockreality.core.RevisionGateConcurrencyTest" tests="2" skipped="0" failures="0" errors="0" timestamp="2026-09-10T01:35:53" hostname="rockylaptop" time="0.024">
  <properties/>
  <testcase name="acceptForCommitRacingBumpNeverAcceptsASupersededResult()" classname="com.blockreality.core.RevisionGateConcurrencyTest" time="0.008"/>
  <testcase name="concurrentBumpsAreNeverLost()" classname="com.blockreality.core.RevisionGateConcurrencyTest" time="0.015"/>
  <system-out><![CDATA[]]></system-out>
  <system-err><![CDATA[]]></system-err>
</testsuite>
