<?xml version="1.0" encoding="UTF-8"?>
<testsuite name="com.blockreality.core.engine.ProductGeometryTest" tests="6" skipped="0" failures="0" errors="0" timestamp="2026-09-10T01:35:55" hostname="rockylaptop" time="0.021">
  <properties/>
  <testcase name="anExplicitBindingWinsOverTheMaterialDefaultButAbsentBindingUsesTheDeclaredDefault()" classname="com.blockreality.core.engine.ProductGeometryTest" time="0.001"/>
  <testcase name="missingPackagedCatalogueCannotPoisonTooltipClassInitialization()" classname="com.blockreality.core.engine.ProductGeometryTest" time="0.007"/>
  <testcase name="legacyMonolithSectionNamesNeverBecomeDimensionsAndPanelAliasesUseThickness()" classname="com.blockreality.core.engine.ProductGeometryTest" time="0.003"/>
  <testcase name="damagedOrAmbiguousDeclarationsRefuseWithoutFallbackDimensions()" classname="com.blockreality.core.engine.ProductGeometryTest" time="0.006"/>
  <testcase name="dimensionsComeFromTheDeclarationEvenWhenTheTokenSaysSomethingElse()" classname="com.blockreality.core.engine.ProductGeometryTest" time="0.002"/>
  <testcase name="catalogueExposesAllTenProductsIncludingTheUnplacedRebarDeclaration()" classname="com.blockreality.core.engine.ProductGeometryTest" time="0.001"/>
  <system-out><![CDATA[]]></system-out>
  <system-err><![CDATA[]]></system-err>
</testsuite>
