<?xml version="1.0" encoding="UTF-8"?>
<testsuite name="com.blockreality.core.sidecar.SidecarEngineTest" tests="28" skipped="0" failures="0" errors="0" timestamp="2026-09-10T00:22:07" hostname="ROCKYLAPTOP" time="2.029">
  <properties/>
  <testcase name="theWorstSectionCanBeInTheMiddleAndTheScreenMustSeeIt()" classname="com.blockreality.core.sidecar.SidecarEngineTest" time="0.244"/>
  <testcase name="aLoadInsideAMemberSplitsItAtThatPoint()" classname="com.blockreality.core.sidecar.SidecarEngineTest" time="0.048"/>
  <testcase name="anUnknownSectionIsRefusedRatherThanDefaulted()" classname="com.blockreality.core.sidecar.SidecarEngineTest" time="0.041"/>
  <testcase name="aSectionChangeSplitsTheMemberButKeepsItConnected()" classname="com.blockreality.core.sidecar.SidecarEngineTest" time="0.05"/>
  <testcase name="theSupportMomentIsRecoveredAndNeverLowersADemand()" classname="com.blockreality.core.sidecar.SidecarEngineTest" time="0.254"/>
  <testcase name="repeatedSolvesAtTheSameRevisionAreIdentical()" classname="com.blockreality.core.sidecar.SidecarEngineTest" time="0.042"/>
  <testcase name="aFloorCarriesNoMembraneForceUnderItsOwnWeight()" classname="com.blockreality.core.sidecar.SidecarEngineTest" time="0.054"/>
  <testcase name="aShearWallCarriesLoadInItsOwnPlane()" classname="com.blockreality.core.sidecar.SidecarEngineTest" time="0.05"/>
  <testcase name="overloadingTheMemberPushesDemandOverCapacity()" classname="com.blockreality.core.sidecar.SidecarEngineTest" time="0.046"/>
  <testcase name="shmAndJsonTransportsAgree()" classname="com.blockreality.core.sidecar.SidecarEngineTest" time="0.06"/>
  <testcase name="everyBlockCentreIsInsideTheMeshAndOnlyTheOuterHalfBlockIsClamped()" classname="com.blockreality.core.sidecar.SidecarEngineTest" time="0.058"/>
  <testcase name="aLoadOnNoElementAtAllIsStillRefused()" classname="com.blockreality.core.sidecar.SidecarEngineTest" time="0.067"/>
  <testcase name="everySolveCarriesItsOwnEquilibriumCheck()" classname="com.blockreality.core.sidecar.SidecarEngineTest" time="0.077"/>
  <testcase name="shmTransportCarriesShellsIdentically()" classname="com.blockreality.core.sidecar.SidecarEngineTest" time="0.055"/>
  <testcase name="anUnsupportedStructureIsReportedAsAMechanism()" classname="com.blockreality.core.sidecar.SidecarEngineTest" time="0.05"/>
  <testcase name="oneUnsupportedBuildingDoesNotSilenceTheOthers()" classname="com.blockreality.core.sidecar.SidecarEngineTest" time="0.054"/>
  <testcase name="everyStationMatchesTheClosedFormBendingStress()" classname="com.blockreality.core.sidecar.SidecarEngineTest" time="0.046"/>
  <testcase name="aRunOfBlocksBecomesOneMemberNotFive()" classname="com.blockreality.core.sidecar.SidecarEngineTest" time="0.047"/>
  <testcase name="aSlabBecomesPlateFacetsAndNotAGridOfBeams()" classname="com.blockreality.core.sidecar.SidecarEngineTest" time="0.049"/>
  <testcase name="aSlenderColumnIsCalledSafeByStressAndUnstableByBuckling()" classname="com.blockreality.core.sidecar.SidecarEngineTest" time="0.047"/>
  <testcase name="handshakeReportsTheCatalogue()" classname="com.blockreality.core.sidecar.SidecarEngineTest" time="0.044"/>
  <testcase name="theSpanMomentMatchesTimoshenko()" classname="com.blockreality.core.sidecar.SidecarEngineTest" time="0.231"/>
  <testcase name="aSingleBlockIsNotABeam()" classname="com.blockreality.core.sidecar.SidecarEngineTest" time="0.045"/>
  <testcase name="aColumnSharesItsTopNodeWithTheFloorItHoldsUp()" classname="com.blockreality.core.sidecar.SidecarEngineTest" time="0.056"/>
  <testcase name="theFreeEndCarriesNoBendingStress()" classname="com.blockreality.core.sidecar.SidecarEngineTest" time="0.053"/>
  <testcase name="aBeamHeldAtBothEndsHogsAtTheSupportAndSagsBetween()" classname="com.blockreality.core.sidecar.SidecarEngineTest" time="0.048"/>
  <testcase name="theOverlayDrawnFromRealEngineOutputIsBlueOnTopAndRedBelow()" classname="com.blockreality.core.sidecar.SidecarEngineTest" time="0.053"/>
  <testcase name="topFibreIsInTensionAndBottomInCompression()" classname="com.blockreality.core.sidecar.SidecarEngineTest" time="0.047"/>
  <system-out><![CDATA[]]></system-out>
  <system-err><![CDATA[]]></system-err>
</testsuite>
