<?xml version="1.0" encoding="UTF-8"?>
<testsuite name="com.blockreality.core.DisplayTrackPrecisionTest" tests="2" skipped="0" failures="0" errors="0" timestamp="2026-09-10T00:22:05" hostname="ROCKYLAPTOP" time="0.009">
  <properties/>
  <testcase name="oneFloatRoundTripStaysInsideTheDisplayBudget()" classname="com.blockreality.core.DisplayTrackPrecisionTest" time="0.008"/>
  <testcase name="theBoundaryValuesTheClassifierCaresAboutSurvive()" classname="com.blockreality.core.DisplayTrackPrecisionTest" time="0.0"/>
  <system-out><![CDATA[]]></system-out>
  <system-err><![CDATA[]]></system-err>
</testsuite>
