<?xml version="1.0" encoding="UTF-8"?>
<testsuite name="com.blockreality.core.NativeOnlyResultsTest" tests="3" skipped="0" failures="0" errors="0" timestamp="2026-09-10T00:22:05" hostname="ROCKYLAPTOP" time="0.013">
  <properties/>
  <testcase name="everyPublicSnapshotConstructorRequiresAnExplicitVerdict()" classname="com.blockreality.core.NativeOnlyResultsTest" time="0.007"/>
  <testcase name="suppliedFlagsSurviveNumericValuesThatSuggestTheOppositeVerdict()" classname="com.blockreality.core.NativeOnlyResultsTest" time="0.0"/>
  <testcase name="absentDisplayAndNeutralAxisCannotBeReconstructedFromForcesOrOppositeSigns()" classname="com.blockreality.core.NativeOnlyResultsTest" time="0.004"/>
  <system-out><![CDATA[]]></system-out>
  <system-err><![CDATA[]]></system-err>
</testsuite>
