<?xml version="1.0" encoding="UTF-8"?>
<testsuite name="com.blockreality.core.world.ConstructionLedgerTest" tests="10" skipped="0" failures="0" errors="0" timestamp="2026-09-10T00:22:09" hostname="ROCKYLAPTOP" time="0.931">
  <properties/>
  <testcase name="cellAndEpochBoundsRefuseWithoutEvictionOrWraparound()" classname="com.blockreality.core.world.ConstructionLedgerTest" time="0.374"/>
  <testcase name="frameRunsKeepParallelCrossingProductAndUndeclaredAxesSeparate()" classname="com.blockreality.core.world.ConstructionLedgerTest" time="0.003"/>
  <testcase name="immutableWorkerInputAndStaleCompletionCannotOverwriteNewEdits()" classname="com.blockreality.core.world.ConstructionLedgerTest" time="0.111"/>
  <testcase name="historyAndLineageBoundsCannotEvictPublishedAncestors()" classname="com.blockreality.core.world.ConstructionLedgerTest" time="0.437"/>
  <testcase name="restoredRegistryIsIndependentOfLoadedObservationOrderAndEmptyWorldRetires()" classname="com.blockreality.core.world.ConstructionLedgerTest" time="0.001"/>
  <testcase name="splitRetiresParentEvenWhenOneChildWasCompletelyReplacedInTheBatch()" classname="com.blockreality.core.world.ConstructionLedgerTest" time="0.0"/>
  <testcase name="monolithAndPanelGroupsUseOnlyDeclaredProductsAndFaceAdjacency()" classname="com.blockreality.core.world.ConstructionLedgerTest" time="0.001"/>
  <testcase name="splitAndMergeCreateNewIdentitiesWithExactLineage()" classname="com.blockreality.core.world.ConstructionLedgerTest" time="0.001"/>
  <testcase name="fullDestructionAndSameTickReplacementCannotResurrectIdentityEvenAfterPendingSave()" classname="com.blockreality.core.world.ConstructionLedgerTest" time="0.0"/>
  <testcase name="noOpExtensionTrimAndUnrelatedObjectsRetainPublishedIdentity()" classname="com.blockreality.core.world.ConstructionLedgerTest" time="0.001"/>
  <system-out><![CDATA[]]></system-out>
  <system-err><![CDATA[]]></system-err>
</testsuite>
