<?xml version="1.0" encoding="UTF-8"?>
<testsuite name="com.blockreality.core.RevisionGateConcurrencyTest" tests="2" skipped="0" failures="0" errors="0" timestamp="2026-09-10T00:22:05" hostname="ROCKYLAPTOP" time="0.015">
  <properties/>
  <testcase name="acceptForCommitRacingBumpNeverAcceptsASupersededResult()" classname="com.blockreality.core.RevisionGateConcurrencyTest" time="0.005"/>
  <testcase name="concurrentBumpsAreNeverLost()" classname="com.blockreality.core.RevisionGateConcurrencyTest" time="0.009"/>
  <system-out><![CDATA[]]></system-out>
  <system-err><![CDATA[]]></system-err>
</testsuite>
