<?xml version="1.0" encoding="UTF-8"?>
<testsuite name="com.blockreality.core.bsi.BsiStationIdentityTest" tests="5" skipped="0" failures="0" errors="0" timestamp="2026-09-10T00:22:05" hostname="ROCKYLAPTOP" time="0.054">
  <properties/>
  <testcase name="exactIdentityAndSourceGoverningReachTheSharedSamples()" classname="com.blockreality.core.bsi.BsiStationIdentityTest" time="0.003"/>
  <testcase name="invalidNumbersSidesFlagsAndReservedAreRejected()" classname="com.blockreality.core.bsi.BsiStationIdentityTest" time="0.009"/>
  <testcase name="missingGoverningAndRequestedZeroAreExplicit()" classname="com.blockreality.core.bsi.BsiStationIdentityTest" time="0.002"/>
  <testcase name="immutableIdentityAndAllTruncations()" classname="com.blockreality.core.bsi.BsiStationIdentityTest" time="0.035"/>
  <testcase name="pairingOrderAndGoverningMustBeConsistent()" classname="com.blockreality.core.bsi.BsiStationIdentityTest" time="0.003"/>
  <system-out><![CDATA[]]></system-out>
  <system-err><![CDATA[]]></system-err>
</testsuite>
