<?xml version="1.0" encoding="UTF-8"?>
<testsuite name="com.blockreality.core.ShellFieldSpecTest" tests="12" skipped="0" failures="0" errors="0" timestamp="2026-09-10T00:22:05" hostname="ROCKYLAPTOP" time="0.018">
  <properties/>
  <testcase name="vonMisesOfPureShearIsRootThreeTau()" classname="com.blockreality.core.ShellFieldSpecTest" time="0.001"/>
  <testcase name="naturalCoordinatesInvertThePositionMapping()" classname="com.blockreality.core.ShellFieldSpecTest" time="0.0"/>
  <testcase name="biaxialVonMisesFollowsTheDefinition()" classname="com.blockreality.core.ShellFieldSpecTest" time="0.0"/>
  <testcase name="aPointOutsideTheFacetReportsItRatherThanPretending()" classname="com.blockreality.core.ShellFieldSpecTest" time="0.001"/>
  <testcase name="signedPrincipalKeepsTheSignAndMatchesUniaxialStress()" classname="com.blockreality.core.ShellFieldSpecTest" time="0.002"/>
  <testcase name="peakIsTheLargestMagnitudeOnEitherFace()" classname="com.blockreality.core.ShellFieldSpecTest" time="0.0"/>
  <testcase name="cornerValuesAreReproducedExactlyAtTheCorners()" classname="com.blockreality.core.ShellFieldSpecTest" time="0.003"/>
  <testcase name="pureBendingIsEqualAndOppositeOnTheTwoFaces()" classname="com.blockreality.core.ShellFieldSpecTest" time="0.0"/>
  <testcase name="offNormalDistanceMeasuresThroughTheThickness()" classname="com.blockreality.core.ShellFieldSpecTest" time="0.0"/>
  <testcase name="pureMembraneIsConstantThroughTheThickness()" classname="com.blockreality.core.ShellFieldSpecTest" time="0.003"/>
  <testcase name="positionsBeyondTheFacesAreClampedNotExtrapolated()" classname="com.blockreality.core.ShellFieldSpecTest" time="0.001"/>
  <testcase name="theNeutralSurfaceSitsWhereTheTwoTermsCancel()" classname="com.blockreality.core.ShellFieldSpecTest" time="0.001"/>
  <system-out><![CDATA[]]></system-out>
  <system-err><![CDATA[]]></system-err>
</testsuite>
