<?xml version="1.0" encoding="UTF-8"?>
<testsuite name="com.blockreality.core.world.ConstructionCodecTest" tests="4" skipped="0" failures="0" errors="0" timestamp="2026-09-10T00:22:09" hostname="ROCKYLAPTOP" time="0.024">
  <properties/>
  <testcase name="encoderPreservesCatalogueLineageAndModifiedUtfGolden()" classname="com.blockreality.core.world.ConstructionCodecTest" time="0.01"/>
  <testcase name="resignedUnknownSchemaAndInvalidEpochCounterAndCountsStillRefuse()" classname="com.blockreality.core.world.ConstructionCodecTest" time="0.001"/>
  <testcase name="corruptionTruncationAndTrailingDataAlwaysRefuse()" classname="com.blockreality.core.world.ConstructionCodecTest" time="0.011"/>
  <testcase name="duplicateIdsOwnershipAndOrphanParentsRefuseEvenWithValidChecksum()" classname="com.blockreality.core.world.ConstructionCodecTest" time="0.002"/>
  <system-out><![CDATA[]]></system-out>
  <system-err><![CDATA[]]></system-err>
</testsuite>
