<?xml version="1.0" encoding="UTF-8"?>
<testsuite name="com.blockreality.core.bsi.BsiShellDisplayTest" tests="8" skipped="0" failures="0" errors="0" timestamp="2026-09-10T00:22:05" hostname="ROCKYLAPTOP" time="0.067">
  <properties/>
  <testcase name="displaySamplesAndGeometryAreImmutable()" classname="com.blockreality.core.bsi.BsiShellDisplayTest" time="0.018"/>
  <testcase name="legacyDegenerateGeometryKeepsDiagnosticsWithoutADrawableField()" classname="com.blockreality.core.bsi.BsiShellDisplayTest" time="0.005"/>
  <testcase name="verdictIsIndependentOfTheDisplayedDc()" classname="com.blockreality.core.bsi.BsiShellDisplayTest" time="0.002"/>
  <testcase name="unitsCornerOrderFacesAndFrameComeFromRecovery()" classname="com.blockreality.core.bsi.BsiShellDisplayTest" time="0.001"/>
  <testcase name="nonFiniteSamplesAndDegenerateFramesAreRejected()" classname="com.blockreality.core.bsi.BsiShellDisplayTest" time="0.009"/>
  <testcase name="scalarInterpolationClampsAndSharesTheMeshScale()" classname="com.blockreality.core.bsi.BsiShellDisplayTest" time="0.018"/>
  <testcase name="wrongRevisionMissingResponseAndUnresolvedVocabularyAreRejected()" classname="com.blockreality.core.bsi.BsiShellDisplayTest" time="0.003"/>
  <testcase name="meshPickingUsesSuppliedGeometryAndNormal()" classname="com.blockreality.core.bsi.BsiShellDisplayTest" time="0.007"/>
  <system-out><![CDATA[]]></system-out>
  <system-err><![CDATA[]]></system-err>
</testsuite>
