<?xml version="1.0" encoding="UTF-8"?>
<testsuite name="com.blockreality.core.engine.NativeGameRuntimeTest" tests="7" skipped="0" failures="0" errors="0" timestamp="2026-09-10T01:49:09" hostname="ROCKYLAPTOP" time="0.06">
  <properties/>
  <testcase name="loadsLazilyReusesTheSessionAndKeepsDimensionsSeparate()" classname="com.blockreality.core.engine.NativeGameRuntimeTest" time="0.023"/>
  <testcase name="offNeverCallsTheLoader()" classname="com.blockreality.core.engine.NativeGameRuntimeTest" time="0.003"/>
  <testcase name="concurrentSubmissionsNeverEnterTheSameSessionTogether()" classname="com.blockreality.core.engine.NativeGameRuntimeTest" time="0.008"/>
  <testcase name="aLoadFailureStaysDisabledUntilExplicitReset()" classname="com.blockreality.core.engine.NativeGameRuntimeTest" time="0.003"/>
  <testcase name="closeRevokesBlockedResultsWithoutClosingAnActiveNativeCall()" classname="com.blockreality.core.engine.NativeGameRuntimeTest" time="0.01"/>
  <testcase name="timeoutRevokesAuthorityButDoesNotPretendToKillNativeWork()" classname="com.blockreality.core.engine.NativeGameRuntimeTest" time="0.007"/>
  <testcase name="resetWaitsForTheOldCallAndOpensAFreshSession()" classname="com.blockreality.core.engine.NativeGameRuntimeTest" time="0.004"/>
  <system-out><![CDATA[]]></system-out>
  <system-err><![CDATA[]]></system-err>
</testsuite>
