<?xml version="1.0" encoding="UTF-8"?>
<testsuite name="com.blockreality.core.bsi.BsiBeamDisplayTest" tests="9" skipped="0" failures="0" errors="0" timestamp="2026-09-10T01:49:07" hostname="ROCKYLAPTOP" time="0.122">
  <properties/>
  <testcase name="surfaceTilesSplitWithoutSmearingAcrossTheJump()" classname="com.blockreality.core.bsi.BsiBeamDisplayTest" time="0.026"/>
  <testcase name="neutralAxisIsSuppliedDataAndSegmentsDoNotCrossMissingOrDuplicateStations()" classname="com.blockreality.core.bsi.BsiBeamDisplayTest" time="0.029"/>
  <testcase name="malformedDataAndExternalMutationCannotReachTheDisplay()" classname="com.blockreality.core.bsi.BsiBeamDisplayTest" time="0.014"/>
  <testcase name="unequalVisualExtentsRetainIndependentNativeFacesAndBothSidesOfAJump()" classname="com.blockreality.core.bsi.BsiBeamDisplayTest" time="0.023"/>
  <testcase name="boundedInterpolationUsesFaceCentresAndClamps()" classname="com.blockreality.core.bsi.BsiBeamDisplayTest" time="0.001"/>
  <testcase name="samplesUnitsAndDiagnosticConventionComeFromWire()" classname="com.blockreality.core.bsi.BsiBeamDisplayTest" time="0.014"/>
  <testcase name="revisionSectionsAndCatalogueAreRequiredButRequestedZeroIsValid()" classname="com.blockreality.core.bsi.BsiBeamDisplayTest" time="0.005"/>
  <testcase name="duplicateStationsRetainBothSidesAndNeverInventAGoverningSide()" classname="com.blockreality.core.bsi.BsiBeamDisplayTest" time="0.004"/>
  <testcase name="nativeVerdictNeverDependsOnDisplayedDc()" classname="com.blockreality.core.bsi.BsiBeamDisplayTest" time="0.001"/>
  <system-out><![CDATA[]]></system-out>
  <system-err><![CDATA[]]></system-err>
</testsuite>
