<?xml version="1.0" encoding="UTF-8"?>
<testsuite name="com.blockreality.core.sidecar.ShmRegionTest" tests="4" skipped="0" failures="0" errors="0" timestamp="2026-09-10T01:49:10" hostname="ROCKYLAPTOP" time="0.021">
  <properties/>
  <testcase name="aClosedRegionRefusesToHandOutBuffers()" classname="com.blockreality.core.sidecar.ShmRegionTest" time="0.012"/>
  <testcase name="independentViewsShareThePages()" classname="com.blockreality.core.sidecar.ShmRegionTest" time="0.003"/>
  <testcase name="closeIsIdempotent()" classname="com.blockreality.core.sidecar.ShmRegionTest" time="0.002"/>
  <testcase name="closeDeletesTheBackingFile()" classname="com.blockreality.core.sidecar.ShmRegionTest" time="0.003"/>
  <system-out><![CDATA[]]></system-out>
  <system-err><![CDATA[]]></system-err>
</testsuite>
