<?xml version="1.0" encoding="UTF-8"?>
<testsuite name="com.blockreality.core.bsi.BsiBucklingTest" tests="5" skipped="0" failures="0" errors="0" timestamp="2026-09-10T01:49:07" hostname="ROCKYLAPTOP" time="0.062">
  <properties/>
  <testcase name="localCriticalSurvivesWorldRefusalWithoutReclassification()" classname="com.blockreality.core.bsi.BsiBucklingTest" time="0.002"/>
  <testcase name="worldMinimumOnlyExistsForComputedSummary()" classname="com.blockreality.core.bsi.BsiBucklingTest" time="0.0"/>
  <testcase name="frozen125WorldRowsPreserveEveryIsland()" classname="com.blockreality.core.bsi.BsiBucklingTest" time="0.03"/>
  <testcase name="malformedIdentityKindStateAndFactorsAreRefused()" classname="com.blockreality.core.bsi.BsiBucklingTest" time="0.007"/>
  <testcase name="eigenIsAdditiveAndBudgetIsBounded()" classname="com.blockreality.core.bsi.BsiBucklingTest" time="0.02"/>
  <system-out><![CDATA[]]></system-out>
  <system-err><![CDATA[]]></system-err>
</testsuite>
