<?xml version="1.0" encoding="UTF-8"?>
<testsuite name="com.blockreality.core.diagnostics.PipelineProfileTest" tests="6" skipped="0" failures="0" errors="0" timestamp="2026-09-10T01:49:08" hostname="ROCKYLAPTOP" time="0.078">
  <properties/>
  <testcase name="stopAndRestartRejectOldWorkAndPreserveImmutableStoppedSnapshot()" classname="com.blockreality.core.diagnostics.PipelineProfileTest" time="0.048"/>
  <testcase name="closeIsIdempotentAndInvalidDurationsAreNotRecorded()" classname="com.blockreality.core.diagnostics.PipelineProfileTest" time="0.002"/>
  <testcase name="concurrentCompletionsAndCountersStayBounded()" classname="com.blockreality.core.diagnostics.PipelineProfileTest" time="0.013"/>
  <testcase name="scheduledWorkKeepsItsOriginalSessionThroughWorkerAndDelivery()" classname="com.blockreality.core.diagnostics.PipelineProfileTest" time="0.009"/>
  <testcase name="exactNearestRankQuantilesAndBoundedRollingWindow()" classname="com.blockreality.core.diagnostics.PipelineProfileTest" time="0.002"/>
  <testcase name="disabledDoesNotReadClockAllocateSpansOrStoreSamples()" classname="com.blockreality.core.diagnostics.PipelineProfileTest" time="0.002"/>
  <system-out><![CDATA[]]></system-out>
  <system-err><![CDATA[]]></system-err>
</testsuite>
