<?xml version="1.0" encoding="UTF-8"?>
<testsuite name="com.blockreality.core.world.ConstructionCodecTest" tests="4" skipped="0" failures="0" errors="0" timestamp="2026-09-09T22:43:18" hostname="rockylaptop" time="0.04">
  <properties/>
  <testcase name="encoderPreservesCatalogueLineageAndModifiedUtfGolden()" classname="com.blockreality.core.world.ConstructionCodecTest" time="0.015"/>
  <testcase name="resignedUnknownSchemaAndInvalidEpochCounterAndCountsStillRefuse()" classname="com.blockreality.core.world.ConstructionCodecTest" time="0.005"/>
  <testcase name="corruptionTruncationAndTrailingDataAlwaysRefuse()" classname="com.blockreality.core.world.ConstructionCodecTest" time="0.017"/>
  <testcase name="duplicateIdsOwnershipAndOrphanParentsRefuseEvenWithValidChecksum()" classname="com.blockreality.core.world.ConstructionCodecTest" time="0.001"/>
  <system-out><![CDATA[]]></system-out>
  <system-err><![CDATA[]]></system-err>
</testsuite>
