<?xml version="1.0" encoding="UTF-8"?>
<testsuite name="com.blockreality.impl.net.ShellPacketCodecTest" tests="4" skipped="0" failures="0" errors="0" timestamp="2026-09-10T00:04:53" hostname="ROCKYLAPTOP" time="0.036">
  <properties/>
  <testcase name="missingDisplayAndOptionalRawRemainDistinct()" classname="com.blockreality.impl.net.ShellPacketCodecTest" time="0.003"/>
  <testcase name="nonFiniteSurfaceAndInvalidFrameRejectTheWholePacket()" classname="com.blockreality.impl.net.ShellPacketCodecTest" time="0.002"/>
  <testcase name="everyTruncationOfASampledShellPacketIsRejected()" classname="com.blockreality.impl.net.ShellPacketCodecTest" time="0.013"/>
  <testcase name="completePacketPreservesVerdictBlocksAndSamplesThroughPicking()" classname="com.blockreality.impl.net.ShellPacketCodecTest" time="0.014"/>
  <system-out><![CDATA[]]></system-out>
  <system-err><![CDATA[]]></system-err>
</testsuite>
