<?xml version="1.0" encoding="UTF-8"?>
<testsuite name="com.blockreality.impl.server.ChunkAvailabilityTest" tests="3" skipped="0" failures="0" errors="0" timestamp="2026-09-09T19:50:28" hostname="ROCKYLAPTOP" time="0.023">
  <properties/>
  <testcase name="removingCoverageForgetsOldAvailabilityAndEmptyDomainDoesNotReadWorld()" classname="com.blockreality.impl.server.ChunkAvailabilityTest" time="0.012"/>
  <testcase name="pollHasBoundedWorkAndApplyRejectsAnUnvisitedMissingChunk()" classname="com.blockreality.impl.server.ChunkAvailabilityTest" time="0.005"/>
  <testcase name="demotionWithoutUnloadAndPromotionWithoutLoadInvalidate()" classname="com.blockreality.impl.server.ChunkAvailabilityTest" time="0.005"/>
  <system-out><![CDATA[]]></system-out>
  <system-err><![CDATA[]]></system-err>
</testsuite>
