<?xml version="1.0" encoding="UTF-8"?>
<testsuite name="com.blockreality.core.NativeOnlyResultsTest" tests="3" skipped="0" failures="0" errors="0" timestamp="2026-09-10T00:24:33" hostname="rockylaptop" time="0.007">
  <properties/>
  <testcase name="everyPublicSnapshotConstructorRequiresAnExplicitVerdict()" classname="com.blockreality.core.NativeOnlyResultsTest" time="0.002"/>
  <testcase name="suppliedFlagsSurviveNumericValuesThatSuggestTheOppositeVerdict()" classname="com.blockreality.core.NativeOnlyResultsTest" time="0.001"/>
  <testcase name="absentDisplayAndNeutralAxisCannotBeReconstructedFromForcesOrOppositeSigns()" classname="com.blockreality.core.NativeOnlyResultsTest" time="0.003"/>
  <system-out><![CDATA[]]></system-out>
  <system-err><![CDATA[]]></system-err>
</testsuite>
