<?xml version="1.0" encoding="UTF-8"?>
<testsuite name="com.blockreality.core.compliance.NoSubprocessTest" tests="2" skipped="0" failures="0" errors="0" timestamp="2026-09-10T00:24:34" hostname="rockylaptop" time="0.077">
  <properties/>
  <testcase name="theInProcessEngineStartsNothing()" classname="com.blockreality.core.compliance.NoSubprocessTest" time="0.031"/>
  <testcase name="theShippedCodeStartsNoProcessesExceptTheOnesNamedHere()" classname="com.blockreality.core.compliance.NoSubprocessTest" time="0.044"/>
  <system-out><![CDATA[]]></system-out>
  <system-err><![CDATA[]]></system-err>
</testsuite>
