<?xml version="1.0" encoding="UTF-8"?>
<testsuite name="com.blockreality.core.engine.GameInputNativeTest" tests="3" skipped="0" failures="0" errors="0" timestamp="2026-09-10T00:24:35" hostname="rockylaptop" time="0.192">
  <properties/>
  <testcase name="refusedVocabularyRedeclarationInvalidatesOldWorldAndNames()" classname="com.blockreality.core.engine.GameInputNativeTest" time="0.015"/>
  <testcase name="profilingObservesTheRealBridgeWithoutChangingNativeResults()" classname="com.blockreality.core.engine.GameInputNativeTest" time="0.164"/>
  <testcase name="fullGameVocabularyAndSnapshotReachTheRealEngine()" classname="com.blockreality.core.engine.GameInputNativeTest" time="0.011"/>
  <system-out><![CDATA[]]></system-out>
  <system-err><![CDATA[]]></system-err>
</testsuite>
