<?xml version="1.0" encoding="UTF-8"?>
<testsuite name="com.blockreality.impl.net.MemberPacketCodecTest" tests="7" skipped="0" failures="0" errors="0" timestamp="2026-09-09T23:11:24" hostname="rockylaptop" time="0.155">
  <properties/>
  <testcase name="allSampledPacketTruncationsAreRejected()" classname="com.blockreality.impl.net.MemberPacketCodecTest" time="0.074"/>
  <testcase name="absentDisplayDoesNotEraseSamplesOrDiagnostics()" classname="com.blockreality.impl.net.MemberPacketCodecTest" time="0.005"/>
  <testcase name="fullPacketPreservesEverySampleCellFlagAndGoverningIndex()" classname="com.blockreality.impl.net.MemberPacketCodecTest" time="0.013"/>
  <testcase name="oversizedCollectionsRejectInsteadOfDroppingTailSamples()" classname="com.blockreality.impl.net.MemberPacketCodecTest" time="0.002"/>
  <testcase name="exactIdentityAndMissingGoverningSurviveTheFullPacket()" classname="com.blockreality.impl.net.MemberPacketCodecTest" time="0.002"/>
  <testcase name="identifiedPacketTruncationsAndInvalidIdentityAreRejected()" classname="com.blockreality.impl.net.MemberPacketCodecTest" time="0.053"/>
  <testcase name="nonFiniteMetadataAndSamplesAreRejected()" classname="com.blockreality.impl.net.MemberPacketCodecTest" time="0.001"/>
  <system-out><![CDATA[]]></system-out>
  <system-err><![CDATA[]]></system-err>
</testsuite>
