<?xml version="1.0" encoding="UTF-8"?>
<testsuite name="com.blockreality.impl.net.ShellPacketCodecTest" tests="4" skipped="0" failures="0" errors="0" timestamp="2026-09-09T23:11:25" hostname="rockylaptop" time="0.027">
  <properties/>
  <testcase name="missingDisplayAndOptionalRawRemainDistinct()" classname="com.blockreality.impl.net.ShellPacketCodecTest" time="0.001"/>
  <testcase name="nonFiniteSurfaceAndInvalidFrameRejectTheWholePacket()" classname="com.blockreality.impl.net.ShellPacketCodecTest" time="0.0"/>
  <testcase name="everyTruncationOfASampledShellPacketIsRejected()" classname="com.blockreality.impl.net.ShellPacketCodecTest" time="0.02"/>
  <testcase name="completePacketPreservesVerdictBlocksAndSamplesThroughPicking()" classname="com.blockreality.impl.net.ShellPacketCodecTest" time="0.002"/>
  <system-out><![CDATA[]]></system-out>
  <system-err><![CDATA[]]></system-err>
</testsuite>
