<?xml version="1.0" encoding="UTF-8"?>
<testsuite name="com.blockreality.core.bsi.BsiBeamDisplayTest" tests="8" skipped="0" failures="0" errors="0" timestamp="2026-09-09T21:37:47" hostname="ROCKYLAPTOP" time="0.041">
  <properties/>
  <testcase name="surfaceTilesSplitWithoutSmearingAcrossTheJump()" classname="com.blockreality.core.bsi.BsiBeamDisplayTest" time="0.01"/>
  <testcase name="neutralAxisIsSuppliedDataAndSegmentsDoNotCrossMissingOrDuplicateStations()" classname="com.blockreality.core.bsi.BsiBeamDisplayTest" time="0.01"/>
  <testcase name="malformedDataAndExternalMutationCannotReachTheDisplay()" classname="com.blockreality.core.bsi.BsiBeamDisplayTest" time="0.004"/>
  <testcase name="boundedInterpolationUsesFaceCentresAndClamps()" classname="com.blockreality.core.bsi.BsiBeamDisplayTest" time="0.0"/>
  <testcase name="samplesUnitsAndDiagnosticConventionComeFromWire()" classname="com.blockreality.core.bsi.BsiBeamDisplayTest" time="0.01"/>
  <testcase name="revisionSectionsAndCatalogueAreRequiredButRequestedZeroIsValid()" classname="com.blockreality.core.bsi.BsiBeamDisplayTest" time="0.002"/>
  <testcase name="duplicateStationsRetainBothSidesAndNeverInventAGoverningSide()" classname="com.blockreality.core.bsi.BsiBeamDisplayTest" time="0.002"/>
  <testcase name="nativeVerdictNeverDependsOnDisplayedDc()" classname="com.blockreality.core.bsi.BsiBeamDisplayTest" time="0.0"/>
  <system-out><![CDATA[]]></system-out>
  <system-err><![CDATA[]]></system-err>
</testsuite>
