<?xml version="1.0" encoding="UTF-8"?>
<testsuite name="com.blockreality.core.world.WorldCellIndexTest" tests="7" skipped="0" failures="0" errors="0" timestamp="2026-09-09T21:37:49" hostname="ROCKYLAPTOP" time="0.332">
  <properties/>
  <testcase name="coverageIncludesOnlyActualGroundBordersWithoutInventingDiagonalContacts()" classname="com.blockreality.core.world.WorldCellIndexTest" time="0.003"/>
  <testcase name="oppositeObservationOrdersAndReloadHaveIdenticalBytes()" classname="com.blockreality.core.world.WorldCellIndexTest" time="0.001"/>
  <testcase name="emptyReconciliationOnlyRemovesItsOwnChunkAndSnapshotsStayImmutable()" classname="com.blockreality.core.world.WorldCellIndexTest" time="0.0"/>
  <testcase name="capacityFailureDoesNotEvictAndSurvivesRestart()" classname="com.blockreality.core.world.WorldCellIndexTest" time="0.325"/>
  <testcase name="invalidChunkObservationsAreAtomic()" classname="com.blockreality.core.world.WorldCellIndexTest" time="0.001"/>
  <testcase name="damagedChecksumsAndEveryTruncationFailClosed()" classname="com.blockreality.core.world.WorldCellIndexTest" time="0.001"/>
  <testcase name="validDigestCannotAuthorizeUnknownSchemaDuplicatesOrderingOrOutOfWorldCells()" classname="com.blockreality.core.world.WorldCellIndexTest" time="0.0"/>
  <system-out><![CDATA[]]></system-out>
  <system-err><![CDATA[]]></system-err>
</testsuite>
