<?xml version="1.0" encoding="UTF-8"?>
<testsuite name="com.blockreality.core.bsi.BsiRecoveryTest" tests="11" skipped="0" failures="0" errors="0" timestamp="2026-09-09T21:37:47" hostname="ROCKYLAPTOP" time="0.073">
  <properties/>
  <testcase name="facetsRequireTheirSurfacesAndCellIndexWithEqualCardinality()" classname="com.blockreality.core.bsi.BsiRecoveryTest" time="0.008"/>
  <testcase name="oldHeadersAreByteIdenticalAndStorageDoesNotImplyDisplay()" classname="com.blockreality.core.bsi.BsiRecoveryTest" time="0.001"/>
  <testcase name="allElevenStationFieldsUseTheSelectedStorageIncludingPositionAndMissingAxes()" classname="com.blockreality.core.bsi.BsiRecoveryTest" time="0.0"/>
  <testcase name="surfacesKeepTopBottomCornerAndScalarOrderAtBothWidths()" classname="com.blockreality.core.bsi.BsiRecoveryTest" time="0.004"/>
  <testcase name="parentRangesUseUnsignedArithmeticAndCannotOverflow()" classname="com.blockreality.core.bsi.BsiRecoveryTest" time="0.002"/>
  <testcase name="duplicatesOverlapsAndDualStorageAreRejectedButUnknownSectionsRemain()" classname="com.blockreality.core.bsi.BsiRecoveryTest" time="0.002"/>
  <testcase name="everyEmittedRecoveryScalarRejectsNonfiniteValuesExceptMissingAxes()" classname="com.blockreality.core.bsi.BsiRecoveryTest" time="0.047"/>
  <testcase name="malformedDirectoryNeverBecomesAnEmptyReadback()" classname="com.blockreality.core.bsi.BsiRecoveryTest" time="0.002"/>
  <testcase name="validatedPayloadCannotBeChangedThroughCallerAliases()" classname="com.blockreality.core.bsi.BsiRecoveryTest" time="0.003"/>
  <testcase name="everyFacetFieldAndItsChildRangesDecodeFromSpecifiedOffsets()" classname="com.blockreality.core.bsi.BsiRecoveryTest" time="0.0"/>
  <testcase name="vocabularySectionsAreNameIdTablesAndNeverBinaryRecords()" classname="com.blockreality.core.bsi.BsiRecoveryTest" time="0.001"/>
  <system-out><![CDATA[]]></system-out>
  <system-err><![CDATA[]]></system-err>
</testsuite>
