<?xml version="1.0" encoding="UTF-8"?>
<testsuite name="com.blockreality.impl.server.AnalysisExecutorTest" tests="3" skipped="0" failures="0" errors="0" timestamp="2026-09-09T23:55:53" hostname="ROCKYLAPTOP" time="0.024">
  <properties/>
  <testcase name="shutdownIsIdempotentAndSafeWithoutAPool()" classname="com.blockreality.impl.server.AnalysisExecutorTest" time="0.006"/>
  <testcase name="submitAfterShutdownDoesNotThrowItReportsFalse()" classname="com.blockreality.impl.server.AnalysisExecutorTest" time="0.007"/>
  <testcase name="thePoolIsRebuiltAfterShutdown()" classname="com.blockreality.impl.server.AnalysisExecutorTest" time="0.009"/>
  <system-out><![CDATA[]]></system-out>
  <system-err><![CDATA[]]></system-err>
</testsuite>
