<?xml version="1.0" encoding="UTF-8"?>
<testsuite name="com.blockreality.impl.net.NativeResultPacketTest" tests="3" skipped="1" failures="0" errors="0" timestamp="2026-09-09T23:55:53" hostname="ROCKYLAPTOP" time="0.041">
  <properties/>
  <testcase name="sharedContractResourcesDescribeThisBuild()" classname="com.blockreality.impl.net.NativeResultPacketTest" time="0.01"/>
  <testcase name="realNativeAnalysisReachesThePacketWithTheSameFlagsAndDoubles()" classname="com.blockreality.impl.net.NativeResultPacketTest" time="0.026">
    <skipped/>
  </testcase>
  <testcase name="failedAnalysisCannotBeEncodedAsAHealthyEmptyResult()" classname="com.blockreality.impl.net.NativeResultPacketTest" time="0.003"/>
  <system-out><![CDATA[]]></system-out>
  <system-err><![CDATA[]]></system-err>
</testsuite>
