<?xml version="1.0" encoding="UTF-8"?>
<testsuite name="com.blockreality.impl.server.InputCoverageTest" tests="2" skipped="0" failures="0" errors="0" timestamp="2026-09-09T23:55:53" hostname="ROCKYLAPTOP" time="0.01">
  <properties/>
  <testcase name="fullyObservedDomainDispatchesOnce()" classname="com.blockreality.impl.server.InputCoverageTest" time="0.006"/>
  <testcase name="unreadableStructureAndGroundNeverDispatch()" classname="com.blockreality.impl.server.InputCoverageTest" time="0.004"/>
  <system-out><![CDATA[]]></system-out>
  <system-err><![CDATA[]]></system-err>
</testsuite>
