<?xml version="1.0" encoding="UTF-8"?>
<testsuite name="com.blockreality.impl.net.AnalysisUpdatePacketTest" tests="7" skipped="0" failures="0" errors="0" timestamp="2026-09-09T23:55:50" hostname="ROCKYLAPTOP" time="2.073">
  <properties/>
  <testcase name="diagnosticClippingPreservesUnicodeAndFitsTheReserve()" classname="com.blockreality.impl.net.AnalysisUpdatePacketTest" time="1.015"/>
  <testcase name="maximumIdentityAndSummaryShareTheExistingByteReserve()" classname="com.blockreality.impl.net.AnalysisUpdatePacketTest" time="0.258"/>
  <testcase name="everyKindRoundTripsWithSourceAndRevision()" classname="com.blockreality.impl.net.AnalysisUpdatePacketTest" time="0.019"/>
  <testcase name="malformedIdentityEnumsAndTrailingPayloadAreRejected()" classname="com.blockreality.impl.net.AnalysisUpdatePacketTest" time="0.002"/>
  <testcase name="decodedNoticesCannotRollBackAnAcceptedResult()" classname="com.blockreality.impl.net.AnalysisUpdatePacketTest" time="0.003"/>
  <testcase name="everyByteTruncationFailsClosedForEveryKind()" classname="com.blockreality.impl.net.AnalysisUpdatePacketTest" time="0.714"/>
  <testcase name="senderRefusesContradictoryResultsBeforeWriting()" classname="com.blockreality.impl.net.AnalysisUpdatePacketTest" time="0.057"/>
  <system-out><![CDATA[2026-09-10 07:55:51,271 Test worker WARN Advanced terminal features are not available in this environment
notice bytes=1065
notice bytes=554
small bytes=6573 header=593 scalarAllowance=128
dense bytes=260507 header=594 scalarAllowance=128
oversize bytes=6574 header=594 scalarAllowance=128
shell-heavy bytes=193876 header=595 scalarAllowance=128
]]></system-out>
  <system-err><![CDATA[]]></system-err>
</testsuite>
