<?xml version="1.0" encoding="UTF-8"?>
<testsuite name="com.blockreality.impl.net.MemberPacketCodecTest" tests="7" skipped="0" failures="0" errors="0" timestamp="2026-09-10T00:27:09" hostname="rockylaptop" time="0.335">
  <properties/>
  <testcase name="allSampledPacketTruncationsAreRejected()" classname="com.blockreality.impl.net.MemberPacketCodecTest" time="0.175"/>
  <testcase name="absentDisplayDoesNotEraseSamplesOrDiagnostics()" classname="com.blockreality.impl.net.MemberPacketCodecTest" time="0.01"/>
  <testcase name="fullPacketPreservesEverySampleCellFlagAndGoverningIndex()" classname="com.blockreality.impl.net.MemberPacketCodecTest" time="0.011"/>
  <testcase name="oversizedCollectionsRejectInsteadOfDroppingTailSamples()" classname="com.blockreality.impl.net.MemberPacketCodecTest" time="0.003"/>
  <testcase name="exactIdentityAndMissingGoverningSurviveTheFullPacket()" classname="com.blockreality.impl.net.MemberPacketCodecTest" time="0.004"/>
  <testcase name="identifiedPacketTruncationsAndInvalidIdentityAreRejected()" classname="com.blockreality.impl.net.MemberPacketCodecTest" time="0.121"/>
  <testcase name="nonFiniteMetadataAndSamplesAreRejected()" classname="com.blockreality.impl.net.MemberPacketCodecTest" time="0.003"/>
  <system-out><![CDATA[]]></system-out>
  <system-err><![CDATA[]]></system-err>
</testsuite>
