<?xml version="1.0" encoding="UTF-8"?>
<testsuite name="com.blockreality.impl.server.BucklingPolicyTest" tests="3" skipped="0" failures="0" errors="0" timestamp="2026-09-10T00:27:09" hostname="rockylaptop" time="0.006">
  <properties/>
  <testcase name="theLimitIsInclusiveAndZeroMeansNever()" classname="com.blockreality.impl.server.BucklingPolicyTest" time="0.001"/>
  <testcase name="aNegativeLimitIsOffRatherThanInverted()" classname="com.blockreality.impl.server.BucklingPolicyTest" time="0.001"/>
  <testcase name="theNativeDefaultUsesEngineDofBudgetInsteadOfBlockCounts()" classname="com.blockreality.impl.server.BucklingPolicyTest" time="0.001"/>
  <system-out><![CDATA[]]></system-out>
  <system-err><![CDATA[]]></system-err>
</testsuite>
