<?xml version="1.0" encoding="UTF-8"?>
<testsuite name="com.blockreality.impl.net.NativeResultPacketTest" tests="3" skipped="0" failures="0" errors="0" timestamp="2026-09-10T00:27:09" hostname="rockylaptop" time="0.098">
  <properties/>
  <testcase name="sharedContractResourcesDescribeThisBuild()" classname="com.blockreality.impl.net.NativeResultPacketTest" time="0.004"/>
  <testcase name="realNativeAnalysisReachesThePacketWithTheSameFlagsAndDoubles()" classname="com.blockreality.impl.net.NativeResultPacketTest" time="0.091"/>
  <testcase name="failedAnalysisCannotBeEncodedAsAHealthyEmptyResult()" classname="com.blockreality.impl.net.NativeResultPacketTest" time="0.001"/>
  <system-out><![CDATA[]]></system-out>
  <system-err><![CDATA[]]></system-err>
</testsuite>
