<?xml version="1.0" encoding="UTF-8"?>
<testsuite name="com.blockreality.impl.PlacementAxisTest" tests="3" skipped="0" failures="0" errors="0" timestamp="2026-09-10T00:27:06" hostname="rockylaptop" time="0.242">
  <properties/>
  <testcase name="gameSourceUsesNativeSnapshotsAndObservedContactFaces()" classname="com.blockreality.impl.PlacementAxisTest" time="0.009"/>
  <testcase name="rotationsAndCyclingKeepExplicitThreeAxisDeclarations()" classname="com.blockreality.impl.PlacementAxisTest" time="0.227"/>
  <testcase name="undeclaredLegacyBlocksNeverInventAWorldAxis()" classname="com.blockreality.impl.PlacementAxisTest" time="0.002"/>
  <system-out><![CDATA[]]></system-out>
  <system-err><![CDATA[]]></system-err>
</testsuite>
