<?xml version="1.0" encoding="UTF-8"?>
<testsuite name="com.blockreality.impl.server.InputCoverageTest" tests="2" skipped="0" failures="0" errors="0" timestamp="2026-09-10T01:37:59" hostname="ROCKYLAPTOP" time="0.006">
  <properties/>
  <testcase name="fullyObservedDomainDispatchesOnce()" classname="com.blockreality.impl.server.InputCoverageTest" time="0.003"/>
  <testcase name="unreadableStructureAndGroundNeverDispatch()" classname="com.blockreality.impl.server.InputCoverageTest" time="0.003"/>
  <system-out><![CDATA[]]></system-out>
  <system-err><![CDATA[]]></system-err>
</testsuite>
