<?xml version="1.0" encoding="UTF-8"?>
<testsuite name="com.blockreality.impl.server.GatherCycleTest" tests="5" skipped="0" failures="0" errors="0" timestamp="2026-09-09T23:03:41" hostname="ROCKYLAPTOP" time="0.014">
  <properties/>
  <testcase name="aCycleWithinBudgetCompletesInOneStep()" classname="com.blockreality.impl.server.GatherCycleTest" time="0.005"/>
  <testcase name="aRevisionChangeAbandonsTheParkedCycle()" classname="com.blockreality.impl.server.GatherCycleTest" time="0.003"/>
  <testcase name="anOverBudgetCycleYieldsAndResumesWhereItStopped()" classname="com.blockreality.impl.server.GatherCycleTest" time="0.001"/>
  <testcase name="stepWithNoCycleIsIdle()" classname="com.blockreality.impl.server.GatherCycleTest" time="0.001"/>
  <testcase name="zeroBudgetStillGuaranteesMinimumProgress()" classname="com.blockreality.impl.server.GatherCycleTest" time="0.001"/>
  <system-out><![CDATA[]]></system-out>
  <system-err><![CDATA[]]></system-err>
</testsuite>
