<?xml version="1.0" encoding="UTF-8"?>
<testsuite name="com.blockreality.impl.net.MemberPacketCodecTest" tests="7" skipped="0" failures="0" errors="0" timestamp="2026-09-09T23:03:40" hostname="ROCKYLAPTOP" time="0.205">
  <properties/>
  <testcase name="allSampledPacketTruncationsAreRejected()" classname="com.blockreality.impl.net.MemberPacketCodecTest" time="0.07"/>
  <testcase name="absentDisplayDoesNotEraseSamplesOrDiagnostics()" classname="com.blockreality.impl.net.MemberPacketCodecTest" time="0.006"/>
  <testcase name="fullPacketPreservesEverySampleCellFlagAndGoverningIndex()" classname="com.blockreality.impl.net.MemberPacketCodecTest" time="0.023"/>
  <testcase name="oversizedCollectionsRejectInsteadOfDroppingTailSamples()" classname="com.blockreality.impl.net.MemberPacketCodecTest" time="0.002"/>
  <testcase name="exactIdentityAndMissingGoverningSurviveTheFullPacket()" classname="com.blockreality.impl.net.MemberPacketCodecTest" time="0.003"/>
  <testcase name="identifiedPacketTruncationsAndInvalidIdentityAreRejected()" classname="com.blockreality.impl.net.MemberPacketCodecTest" time="0.099"/>
  <testcase name="nonFiniteMetadataAndSamplesAreRejected()" classname="com.blockreality.impl.net.MemberPacketCodecTest" time="0.001"/>
  <system-out><![CDATA[]]></system-out>
  <system-err><![CDATA[]]></system-err>
</testsuite>
