<?xml version="1.0" encoding="UTF-8"?>
<testsuite name="com.blockreality.impl.net.GlobalVerdictPacketTest" tests="5" skipped="0" failures="0" errors="0" timestamp="2026-09-09T22:44:55" hostname="ROCKYLAPTOP" time="0.007">
  <properties/>
  <testcase name="invalidGlobalValuesRejectTheWholePacket()" classname="com.blockreality.impl.net.GlobalVerdictPacketTest" time="0.002"/>
  <testcase name="globalDecisionDoesNotDependOnDisplayedElements()" classname="com.blockreality.impl.net.GlobalVerdictPacketTest" time="0.0"/>
  <testcase name="explicitFlagsSurviveWithoutChangingTheirNumbers()" classname="com.blockreality.impl.net.GlobalVerdictPacketTest" time="0.0"/>
  <testcase name="incompleteWorldSummaryRetainsComputedIslandCritical()" classname="com.blockreality.impl.net.GlobalVerdictPacketTest" time="0.005"/>
  <testcase name="fullDoubleRangeSurvivesWithoutNarrowingOrRepair()" classname="com.blockreality.impl.net.GlobalVerdictPacketTest" time="0.0"/>
  <system-out><![CDATA[]]></system-out>
  <system-err><![CDATA[]]></system-err>
</testsuite>
