<?xml version="1.0" encoding="UTF-8"?>
<testsuite name="com.blockreality.impl.server.SolveDispatchTest" tests="4" skipped="0" failures="0" errors="0" timestamp="2026-09-09T22:44:56" hostname="ROCKYLAPTOP" time="0.01">
  <properties/>
  <testcase name="aSuccessfulRunHandsTheResultToDeliveryAndDoesNotReleaseItself()" classname="com.blockreality.impl.server.SolveDispatchTest" time="0.004"/>
  <testcase name="aThrowingSolveReleasesTheFlagAndLogs()" classname="com.blockreality.impl.server.SolveDispatchTest" time="0.002"/>
  <testcase name="anErrorInTheSolveDoesNotDoubleRelease()" classname="com.blockreality.impl.server.SolveDispatchTest" time="0.001"/>
  <testcase name="aThrowingDeliveryReleasesTheFlagAndLogs()" classname="com.blockreality.impl.server.SolveDispatchTest" time="0.001"/>
  <system-out><![CDATA[]]></system-out>
  <system-err><![CDATA[]]></system-err>
</testsuite>
