<?xml version="1.0" encoding="UTF-8"?>
<testsuite name="com.blockreality.impl.LangKeysTest" tests="4" skipped="0" failures="0" errors="0" timestamp="2026-09-10T01:46:09" hostname="rockylaptop" time="0.104">
  <properties/>
  <testcase name="the two languages carry the same keys, so neither is half translated" classname="com.blockreality.impl.LangKeysTest" time="0.017"/>
  <testcase name="a format string with a placeholder has one in both languages" classname="com.blockreality.impl.LangKeysTest" time="0.005"/>
  <testcase name="every key the game can ask for has an English string" classname="com.blockreality.impl.LangKeysTest" time="0.05"/>
  <testcase name="no br.* string is carried that nothing can ask for" classname="com.blockreality.impl.LangKeysTest" time="0.029"/>
  <system-out><![CDATA[]]></system-out>
  <system-err><![CDATA[]]></system-err>
</testsuite>
