<?xml version="1.0" encoding="UTF-8"?>
<testsuite name="com.blockreality.impl.server.ChunkAvailabilityTest" tests="3" skipped="0" failures="0" errors="0" timestamp="2026-09-10T01:46:11" hostname="rockylaptop" time="0.009">
  <properties/>
  <testcase name="removingCoverageForgetsOldAvailabilityAndEmptyDomainDoesNotReadWorld()" classname="com.blockreality.impl.server.ChunkAvailabilityTest" time="0.004"/>
  <testcase name="pollHasBoundedWorkAndApplyRejectsAnUnvisitedMissingChunk()" classname="com.blockreality.impl.server.ChunkAvailabilityTest" time="0.002"/>
  <testcase name="demotionWithoutUnloadAndPromotionWithoutLoadInvalidate()" classname="com.blockreality.impl.server.ChunkAvailabilityTest" time="0.002"/>
  <system-out><![CDATA[]]></system-out>
  <system-err><![CDATA[]]></system-err>
</testsuite>
