<?xml version="1.0" encoding="UTF-8"?>
<testsuite name="com.blockreality.core.sidecar.SidecarEngineTest" tests="28" skipped="0" failures="0" errors="0" timestamp="2026-09-10T01:43:19" hostname="ROCKYLAPTOP" time="1.505">
  <properties/>
  <testcase name="theWorstSectionCanBeInTheMiddleAndTheScreenMustSeeIt()" classname="com.blockreality.core.sidecar.SidecarEngineTest" time="0.237"/>
  <testcase name="aLoadInsideAMemberSplitsItAtThatPoint()" classname="com.blockreality.core.sidecar.SidecarEngineTest" time="0.034"/>
  <testcase name="anUnknownSectionIsRefusedRatherThanDefaulted()" classname="com.blockreality.core.sidecar.SidecarEngineTest" time="0.033"/>
  <testcase name="aSectionChangeSplitsTheMemberButKeepsItConnected()" classname="com.blockreality.core.sidecar.SidecarEngineTest" time="0.035"/>
  <testcase name="theSupportMomentIsRecoveredAndNeverLowersADemand()" classname="com.blockreality.core.sidecar.SidecarEngineTest" time="0.156"/>
  <testcase name="repeatedSolvesAtTheSameRevisionAreIdentical()" classname="com.blockreality.core.sidecar.SidecarEngineTest" time="0.034"/>
  <testcase name="aFloorCarriesNoMembraneForceUnderItsOwnWeight()" classname="com.blockreality.core.sidecar.SidecarEngineTest" time="0.039"/>
  <testcase name="aShearWallCarriesLoadInItsOwnPlane()" classname="com.blockreality.core.sidecar.SidecarEngineTest" time="0.044"/>
  <testcase name="overloadingTheMemberPushesDemandOverCapacity()" classname="com.blockreality.core.sidecar.SidecarEngineTest" time="0.035"/>
  <testcase name="shmAndJsonTransportsAgree()" classname="com.blockreality.core.sidecar.SidecarEngineTest" time="0.056"/>
  <testcase name="everyBlockCentreIsInsideTheMeshAndOnlyTheOuterHalfBlockIsClamped()" classname="com.blockreality.core.sidecar.SidecarEngineTest" time="0.047"/>
  <testcase name="aLoadOnNoElementAtAllIsStillRefused()" classname="com.blockreality.core.sidecar.SidecarEngineTest" time="0.035"/>
  <testcase name="everySolveCarriesItsOwnEquilibriumCheck()" classname="com.blockreality.core.sidecar.SidecarEngineTest" time="0.063"/>
  <testcase name="shmTransportCarriesShellsIdentically()" classname="com.blockreality.core.sidecar.SidecarEngineTest" time="0.034"/>
  <testcase name="anUnsupportedStructureIsReportedAsAMechanism()" classname="com.blockreality.core.sidecar.SidecarEngineTest" time="0.031"/>
  <testcase name="oneUnsupportedBuildingDoesNotSilenceTheOthers()" classname="com.blockreality.core.sidecar.SidecarEngineTest" time="0.037"/>
  <testcase name="everyStationMatchesTheClosedFormBendingStress()" classname="com.blockreality.core.sidecar.SidecarEngineTest" time="0.036"/>
  <testcase name="aRunOfBlocksBecomesOneMemberNotFive()" classname="com.blockreality.core.sidecar.SidecarEngineTest" time="0.036"/>
  <testcase name="aSlabBecomesPlateFacetsAndNotAGridOfBeams()" classname="com.blockreality.core.sidecar.SidecarEngineTest" time="0.04"/>
  <testcase name="aSlenderColumnIsCalledSafeByStressAndUnstableByBuckling()" classname="com.blockreality.core.sidecar.SidecarEngineTest" time="0.036"/>
  <testcase name="handshakeReportsTheCatalogue()" classname="com.blockreality.core.sidecar.SidecarEngineTest" time="0.031"/>
  <testcase name="theSpanMomentMatchesTimoshenko()" classname="com.blockreality.core.sidecar.SidecarEngineTest" time="0.153"/>
  <testcase name="aSingleBlockIsNotABeam()" classname="com.blockreality.core.sidecar.SidecarEngineTest" time="0.034"/>
  <testcase name="aColumnSharesItsTopNodeWithTheFloorItHoldsUp()" classname="com.blockreality.core.sidecar.SidecarEngineTest" time="0.035"/>
  <testcase name="theFreeEndCarriesNoBendingStress()" classname="com.blockreality.core.sidecar.SidecarEngineTest" time="0.033"/>
  <testcase name="aBeamHeldAtBothEndsHogsAtTheSupportAndSagsBetween()" classname="com.blockreality.core.sidecar.SidecarEngineTest" time="0.037"/>
  <testcase name="theOverlayDrawnFromRealEngineOutputIsBlueOnTopAndRedBelow()" classname="com.blockreality.core.sidecar.SidecarEngineTest" time="0.038"/>
  <testcase name="topFibreIsInTensionAndBottomInCompression()" classname="com.blockreality.core.sidecar.SidecarEngineTest" time="0.034"/>
  <system-out><![CDATA[]]></system-out>
  <system-err><![CDATA[]]></system-err>
</testsuite>
