<?xml version="1.0" encoding="UTF-8"?>
<testsuite name="com.blockreality.core.engine.GameWorldSnapshotTest" tests="6" skipped="0" failures="0" errors="0" timestamp="2026-09-10T01:35:43" hostname="ROCKYLAPTOP" time="0.041">
  <properties/>
  <testcase name="rejectsUnknownOrUnobservedInputsBeforeSending()" classname="com.blockreality.core.engine.GameWorldSnapshotTest" time="0.016"/>
  <testcase name="snapshotOwnsItsCollections()" classname="com.blockreality.core.engine.GameWorldSnapshotTest" time="0.005"/>
  <testcase name="includesAllSixObservedContactsOnceInCanonicalOrder()" classname="com.blockreality.core.engine.GameWorldSnapshotTest" time="0.002"/>
  <testcase name="preservesDeclaredAxesRotationJointAndSiValues()" classname="com.blockreality.core.engine.GameWorldSnapshotTest" time="0.003"/>
  <testcase name="shippedVocabularyUsesSiAndExplicitProductRoles()" classname="com.blockreality.core.engine.GameWorldSnapshotTest" time="0.008"/>
  <testcase name="contactsCommuteWithMirrorAndRotation()" classname="com.blockreality.core.engine.GameWorldSnapshotTest" time="0.006"/>
  <system-out><![CDATA[]]></system-out>
  <system-err><![CDATA[]]></system-err>
</testsuite>
