<?xml version="1.0" encoding="UTF-8"?>
<testsuite name="com.blockreality.core.bsi.BsiBeamDisplayTest" tests="9" skipped="0" failures="0" errors="0" timestamp="2026-09-10T01:35:42" hostname="ROCKYLAPTOP" time="0.106">
  <properties/>
  <testcase name="surfaceTilesSplitWithoutSmearingAcrossTheJump()" classname="com.blockreality.core.bsi.BsiBeamDisplayTest" time="0.024"/>
  <testcase name="neutralAxisIsSuppliedDataAndSegmentsDoNotCrossMissingOrDuplicateStations()" classname="com.blockreality.core.bsi.BsiBeamDisplayTest" time="0.024"/>
  <testcase name="malformedDataAndExternalMutationCannotReachTheDisplay()" classname="com.blockreality.core.bsi.BsiBeamDisplayTest" time="0.009"/>
  <testcase name="unequalVisualExtentsRetainIndependentNativeFacesAndBothSidesOfAJump()" classname="com.blockreality.core.bsi.BsiBeamDisplayTest" time="0.019"/>
  <testcase name="boundedInterpolationUsesFaceCentresAndClamps()" classname="com.blockreality.core.bsi.BsiBeamDisplayTest" time="0.0"/>
  <testcase name="samplesUnitsAndDiagnosticConventionComeFromWire()" classname="com.blockreality.core.bsi.BsiBeamDisplayTest" time="0.012"/>
  <testcase name="revisionSectionsAndCatalogueAreRequiredButRequestedZeroIsValid()" classname="com.blockreality.core.bsi.BsiBeamDisplayTest" time="0.005"/>
  <testcase name="duplicateStationsRetainBothSidesAndNeverInventAGoverningSide()" classname="com.blockreality.core.bsi.BsiBeamDisplayTest" time="0.005"/>
  <testcase name="nativeVerdictNeverDependsOnDisplayedDc()" classname="com.blockreality.core.bsi.BsiBeamDisplayTest" time="0.001"/>
  <system-out><![CDATA[]]></system-out>
  <system-err><![CDATA[]]></system-err>
</testsuite>
