<?xml version="1.0" encoding="UTF-8"?>
<testsuite name="com.blockreality.core.engine.InProcessRecoveryTest" tests="8" skipped="0" failures="0" errors="0" timestamp="2026-09-10T01:35:43" hostname="ROCKYLAPTOP" time="0.13">
  <properties/>
  <testcase name="nativeOptInSidesAndGoverningIdentityReachDisplay()" classname="com.blockreality.core.engine.InProcessRecoveryTest" time="0.015"/>
  <testcase name="nativeShellFramesAndSurfaceStorageAreCoherent()" classname="com.blockreality.core.engine.InProcessRecoveryTest" time="0.017"/>
  <testcase name="nativeBeamSamplesAndPointLoadSidesReachTheSharedDisplay()" classname="com.blockreality.core.engine.InProcessRecoveryTest" time="0.009"/>
  <testcase name="cantileverFaceSignsAndStorageMatchClosedForm()" classname="com.blockreality.core.engine.InProcessRecoveryTest" time="0.005"/>
  <testcase name="nativeShellRecoveryFeedsTheSameDisplayAndPickingPath()" classname="com.blockreality.core.engine.InProcessRecoveryTest" time="0.033"/>
  <testcase name="coupledSlabWeightAndTransformsAreInvariant()" classname="com.blockreality.core.engine.InProcessRecoveryTest" time="0.013"/>
  <testcase name="unifiedAnalysisKeepsTheNativeShellFlagsAndSamples()" classname="com.blockreality.core.engine.InProcessRecoveryTest" time="0.017"/>
  <testcase name="memberGeometryUsesActualAxesRotatedSectionAndF64WorldPositions()" classname="com.blockreality.core.engine.InProcessRecoveryTest" time="0.02"/>
  <system-out><![CDATA[]]></system-out>
  <system-err><![CDATA[]]></system-err>
</testsuite>
