<?xml version="1.0" encoding="UTF-8"?>
<testsuite name="com.blockreality.core.sidecar.BundledEngineTest" tests="19" skipped="1" failures="0" errors="0" timestamp="2026-09-10T01:35:44" hostname="ROCKYLAPTOP" time="0.203">
  <properties/>
  <testcase name="aJarWhoseBytesDisagreeWithItsManifestUnpacksNothing(Path)" classname="com.blockreality.core.sidecar.BundledEngineTest" time="0.023"/>
  <testcase name="aDevelopmentJarWithNoEngineSaysSoAndCarriesOn(Path)" classname="com.blockreality.core.sidecar.BundledEngineTest" time="0.005"/>
  <testcase name="anUnsupportedPlatformIsToldWhatDidShip(Path)" classname="com.blockreality.core.sidecar.BundledEngineTest" time="0.004"/>
  <testcase name="aReplaceRefusedByAnOpenHandleAdoptsWhatIsAlreadyThere(Path)" classname="com.blockreality.core.sidecar.BundledEngineTest" time="0.009"/>
  <testcase name="firstUseUnpacksTheRightBytesUnderAHashNamedPath(Path)" classname="com.blockreality.core.sidecar.BundledEngineTest" time="0.016"/>
  <testcase name="whatComesBackIsWhatIsONDISK(Path)" classname="com.blockreality.core.sidecar.BundledEngineTest" time="0.037"/>
  <testcase name="aSecondLaunchDoesNotRewriteIt(Path)" classname="com.blockreality.core.sidecar.BundledEngineTest" time="0.011"/>
  <testcase name="aManifestWithoutTheFileItPromisesUnpacksNothing(Path)" classname="com.blockreality.core.sidecar.BundledEngineTest" time="0.007"/>
  <testcase name="theShippedLoaderReadsFromTheJarWhenThereIsOne()" classname="com.blockreality.core.sidecar.BundledEngineTest" time="0.003"/>
  <testcase name="theUnpackedEngineIsExecutable(Path)" classname="com.blockreality.core.sidecar.BundledEngineTest" time="0.01">
    <skipped/>
  </testcase>
  <testcase name="unpackingNeverThrowsIntoTheModLoad(Path)" classname="com.blockreality.core.sidecar.BundledEngineTest" time="0.006"/>
  <testcase name="aManifestThisCodeOnlyHalfUnderstandsIsAnError()" classname="com.blockreality.core.sidecar.BundledEngineTest" time="0.009"/>
  <testcase name="aCorruptedOrTruncatedFileOnDiskIsReplaced(Path)" classname="com.blockreality.core.sidecar.BundledEngineTest" time="0.021"/>
  <testcase name="platformSupportAnswersFromTheManifestAndNeverCriesWolf()" classname="com.blockreality.core.sidecar.BundledEngineTest" time="0.001"/>
  <testcase name="darwinIsNotWindows()" classname="com.blockreality.core.sidecar.BundledEngineTest" time="0.0"/>
  <testcase name="theManifestParsesAndCommentsAndBlanksAreSkipped()" classname="com.blockreality.core.sidecar.BundledEngineTest" time="0.001"/>
  <testcase name="anOlderEngineIsRemovedButNothingElseIs(Path)" classname="com.blockreality.core.sidecar.BundledEngineTest" time="0.016"/>
  <testcase name="theBinaryIsChosenByPlatformAndNeverByGuesswork()" classname="com.blockreality.core.sidecar.BundledEngineTest" time="0.001"/>
  <testcase name="aFileNameThatIsAPathIsRefused()" classname="com.blockreality.core.sidecar.BundledEngineTest" time="0.013"/>
  <system-out><![CDATA[]]></system-out>
  <system-err><![CDATA[]]></system-err>
</testsuite>
