<?xml version="1.0" encoding="UTF-8"?>
<testsuite name="com.blockreality.impl.server.InputCoverageTest" tests="2" skipped="0" failures="0" errors="0" timestamp="2026-09-09T21:39:31" hostname="ROCKYLAPTOP" time="0.004">
  <properties/>
  <testcase name="fullyObservedDomainDispatchesOnce()" classname="com.blockreality.impl.server.InputCoverageTest" time="0.002"/>
  <testcase name="unreadableStructureAndGroundNeverDispatch()" classname="com.blockreality.impl.server.InputCoverageTest" time="0.001"/>
  <system-out><![CDATA[]]></system-out>
  <system-err><![CDATA[]]></system-err>
</testsuite>
