<?xml version="1.0" encoding="UTF-8"?>
<testsuite name="com.blockreality.impl.command.BrPermissionsTest" tests="4" skipped="0" failures="0" errors="0" timestamp="2026-09-09T21:39:30" hostname="ROCKYLAPTOP" time="0.003">
  <properties/>
  <testcase name="privilegedSubcommandsAreAllPresent()" classname="com.blockreality.impl.command.BrPermissionsTest" time="0.001"/>
  <testcase name="anUnknownLiteralIsARegistrationError()" classname="com.blockreality.impl.command.BrPermissionsTest" time="0.001"/>
  <testcase name="theWhitelistIsExactlyTheReadOnlyDiagnostics()" classname="com.blockreality.impl.command.BrPermissionsTest" time="0.0"/>
  <testcase name="everythingOutsideTheReadOnlyWhitelistRequiresOp()" classname="com.blockreality.impl.command.BrPermissionsTest" time="0.0"/>
  <system-out><![CDATA[]]></system-out>
  <system-err><![CDATA[]]></system-err>
</testsuite>
