<?xml version="1.0" encoding="UTF-8"?>
<testsuite name="com.blockreality.impl.net.MemberPacketCodecTest" tests="7" skipped="0" failures="0" errors="0" timestamp="2026-09-09T21:39:31" hostname="ROCKYLAPTOP" time="0.183">
  <properties/>
  <testcase name="allSampledPacketTruncationsAreRejected()" classname="com.blockreality.impl.net.MemberPacketCodecTest" time="0.059"/>
  <testcase name="absentDisplayDoesNotEraseSamplesOrDiagnostics()" classname="com.blockreality.impl.net.MemberPacketCodecTest" time="0.006"/>
  <testcase name="fullPacketPreservesEverySampleCellFlagAndGoverningIndex()" classname="com.blockreality.impl.net.MemberPacketCodecTest" time="0.029"/>
  <testcase name="oversizedCollectionsRejectInsteadOfDroppingTailSamples()" classname="com.blockreality.impl.net.MemberPacketCodecTest" time="0.003"/>
  <testcase name="exactIdentityAndMissingGoverningSurviveTheFullPacket()" classname="com.blockreality.impl.net.MemberPacketCodecTest" time="0.005"/>
  <testcase name="identifiedPacketTruncationsAndInvalidIdentityAreRejected()" classname="com.blockreality.impl.net.MemberPacketCodecTest" time="0.076"/>
  <testcase name="nonFiniteMetadataAndSamplesAreRejected()" classname="com.blockreality.impl.net.MemberPacketCodecTest" time="0.002"/>
  <system-out><![CDATA[]]></system-out>
  <system-err><![CDATA[]]></system-err>
</testsuite>
