<?xml version="1.0" encoding="UTF-8"?>
<testsuite name="com.blockreality.core.DisplayTrackPrecisionTest" tests="2" skipped="0" failures="0" errors="0" timestamp="2026-09-09T22:35:42" hostname="ROCKYLAPTOP" time="0.007">
  <properties/>
  <testcase name="oneFloatRoundTripStaysInsideTheDisplayBudget()" classname="com.blockreality.core.DisplayTrackPrecisionTest" time="0.006"/>
  <testcase name="theBoundaryValuesTheClassifierCaresAboutSurvive()" classname="com.blockreality.core.DisplayTrackPrecisionTest" time="0.001"/>
  <system-out><![CDATA[]]></system-out>
  <system-err><![CDATA[]]></system-err>
</testsuite>
