<?xml version="1.0" encoding="UTF-8"?>
<testsuite name="com.blockreality.core.RevisionGateConcurrencyTest" tests="2" skipped="0" failures="0" errors="0" timestamp="2026-09-09T22:35:42" hostname="ROCKYLAPTOP" time="0.011">
  <properties/>
  <testcase name="acceptForCommitRacingBumpNeverAcceptsASupersededResult()" classname="com.blockreality.core.RevisionGateConcurrencyTest" time="0.004"/>
  <testcase name="concurrentBumpsAreNeverLost()" classname="com.blockreality.core.RevisionGateConcurrencyTest" time="0.006"/>
  <system-out><![CDATA[]]></system-out>
  <system-err><![CDATA[]]></system-err>
</testsuite>
