<?xml version="1.0" encoding="UTF-8"?>
<testsuite name="com.blockreality.impl.net.NativeResultPacketTest" tests="3" skipped="0" failures="0" errors="0" timestamp="2026-09-10T01:46:15" hostname="ROCKYLAPTOP" time="0.122">
  <properties/>
  <testcase name="sharedContractResourcesDescribeThisBuild()" classname="com.blockreality.impl.net.NativeResultPacketTest" time="0.008"/>
  <testcase name="realNativeAnalysisReachesThePacketWithTheSameFlagsAndDoubles()" classname="com.blockreality.impl.net.NativeResultPacketTest" time="0.111"/>
  <testcase name="failedAnalysisCannotBeEncodedAsAHealthyEmptyResult()" classname="com.blockreality.impl.net.NativeResultPacketTest" time="0.001"/>
  <system-out><![CDATA[]]></system-out>
  <system-err><![CDATA[]]></system-err>
</testsuite>
