<?xml version="1.0" encoding="UTF-8"?>
<testsuite name="com.blockreality.impl.server.AnalysisExecutorTest" tests="3" skipped="0" failures="0" errors="0" timestamp="2026-09-10T01:46:15" hostname="ROCKYLAPTOP" time="1.742">
  <properties/>
  <testcase name="shutdownIsIdempotentAndSafeWithoutAPool()" classname="com.blockreality.impl.server.AnalysisExecutorTest" time="0.004"/>
  <testcase name="submitAfterShutdownDoesNotThrowItReportsFalse()" classname="com.blockreality.impl.server.AnalysisExecutorTest" time="1.735"/>
  <testcase name="thePoolIsRebuiltAfterShutdown()" classname="com.blockreality.impl.server.AnalysisExecutorTest" time="0.002"/>
  <system-out><![CDATA[]]></system-out>
  <system-err><![CDATA[]]></system-err>
</testsuite>
