<?xml version="1.0" encoding="UTF-8"?>
<testsuite name="com.blockreality.impl.server.SolveDispatchTest" tests="4" skipped="0" failures="0" errors="0" timestamp="2026-09-10T01:46:17" hostname="ROCKYLAPTOP" time="0.005">
  <properties/>
  <testcase name="aSuccessfulRunHandsTheResultToDeliveryAndDoesNotReleaseItself()" classname="com.blockreality.impl.server.SolveDispatchTest" time="0.003"/>
  <testcase name="aThrowingSolveReleasesTheFlagAndLogs()" classname="com.blockreality.impl.server.SolveDispatchTest" time="0.001"/>
  <testcase name="anErrorInTheSolveDoesNotDoubleRelease()" classname="com.blockreality.impl.server.SolveDispatchTest" time="0.001"/>
  <testcase name="aThrowingDeliveryReleasesTheFlagAndLogs()" classname="com.blockreality.impl.server.SolveDispatchTest" time="0.0"/>
  <system-out><![CDATA[]]></system-out>
  <system-err><![CDATA[]]></system-err>
</testsuite>
