<?xml version="1.0" encoding="UTF-8"?>
<testsuite name="com.blockreality.impl.net.DisplayDeliveryTest" tests="9" skipped="0" failures="0" errors="0" timestamp="2026-09-10T01:46:14" hostname="ROCKYLAPTOP" time="0.24">
  <properties/>
  <testcase name="countIdentityAndOmissionContradictionsAreRejected()" classname="com.blockreality.impl.net.DisplayDeliveryTest" time="0.006"/>
  <testcase name="receivingChargesAggregateStationsBeforeAllocation()" classname="com.blockreality.impl.net.DisplayDeliveryTest" time="0.017"/>
  <testcase name="selectedRecordsAreCompleteAndThreeEncodesAreIdentical()" classname="com.blockreality.impl.net.DisplayDeliveryTest" time="0.181"/>
  <testcase name="controllingElementReservesBudgetBeforeBothFamilies()" classname="com.blockreality.impl.net.DisplayDeliveryTest" time="0.018"/>
  <testcase name="oversizedControllerIsExplicitAndNeverChangesSummary()" classname="com.blockreality.impl.net.DisplayDeliveryTest" time="0.004"/>
  <testcase name="oversizedFrameIsRejectedBeforeParsing()" classname="com.blockreality.impl.net.DisplayDeliveryTest" time="0.001"/>
  <testcase name="receivingChargesAggregateBlocksBeforeAllocation()" classname="com.blockreality.impl.net.DisplayDeliveryTest" time="0.008"/>
  <testcase name="wholeElementsFitExactBytesAndOneLessOmitsThem()" classname="com.blockreality.impl.net.DisplayDeliveryTest" time="0.001"/>
  <testcase name="countsAreSharedAcrossElementsAndFamilies()" classname="com.blockreality.impl.net.DisplayDeliveryTest" time="0.0"/>
  <system-out><![CDATA[]]></system-out>
  <system-err><![CDATA[]]></system-err>
</testsuite>
