<?xml version="1.0" encoding="UTF-8"?>
<testsuite name="com.blockreality.impl.server.ChunkAvailabilityTest" tests="3" skipped="0" failures="0" errors="0" timestamp="2026-09-10T01:46:17" hostname="ROCKYLAPTOP" time="0.005">
  <properties/>
  <testcase name="removingCoverageForgetsOldAvailabilityAndEmptyDomainDoesNotReadWorld()" classname="com.blockreality.impl.server.ChunkAvailabilityTest" time="0.003"/>
  <testcase name="pollHasBoundedWorkAndApplyRejectsAnUnvisitedMissingChunk()" classname="com.blockreality.impl.server.ChunkAvailabilityTest" time="0.001"/>
  <testcase name="demotionWithoutUnloadAndPromotionWithoutLoadInvalidate()" classname="com.blockreality.impl.server.ChunkAvailabilityTest" time="0.001"/>
  <system-out><![CDATA[]]></system-out>
  <system-err><![CDATA[]]></system-err>
</testsuite>
