<?xml version="1.0" encoding="UTF-8"?>
<testsuite name="com.blockreality.impl.server.SolveDispatchTest" tests="4" skipped="0" failures="0" errors="0" timestamp="2026-09-09T22:36:05" hostname="ROCKYLAPTOP" time="0.013">
  <properties/>
  <testcase name="aSuccessfulRunHandsTheResultToDeliveryAndDoesNotReleaseItself()" classname="com.blockreality.impl.server.SolveDispatchTest" time="0.006"/>
  <testcase name="aThrowingSolveReleasesTheFlagAndLogs()" classname="com.blockreality.impl.server.SolveDispatchTest" time="0.003"/>
  <testcase name="anErrorInTheSolveDoesNotDoubleRelease()" classname="com.blockreality.impl.server.SolveDispatchTest" time="0.002"/>
  <testcase name="aThrowingDeliveryReleasesTheFlagAndLogs()" classname="com.blockreality.impl.server.SolveDispatchTest" time="0.002"/>
  <system-out><![CDATA[]]></system-out>
  <system-err><![CDATA[]]></system-err>
</testsuite>
