<?xml version="1.0" encoding="UTF-8"?>
<testsuite name="com.blockreality.impl.net.NativeResultPacketTest" tests="3" skipped="1" failures="0" errors="0" timestamp="2026-09-09T22:36:05" hostname="ROCKYLAPTOP" time="0.021">
  <properties/>
  <testcase name="sharedContractResourcesDescribeThisBuild()" classname="com.blockreality.impl.net.NativeResultPacketTest" time="0.006"/>
  <testcase name="realNativeAnalysisReachesThePacketWithTheSameFlagsAndDoubles()" classname="com.blockreality.impl.net.NativeResultPacketTest" time="0.013">
    <skipped/>
  </testcase>
  <testcase name="failedAnalysisCannotBeEncodedAsAHealthyEmptyResult()" classname="com.blockreality.impl.net.NativeResultPacketTest" time="0.002"/>
  <system-out><![CDATA[]]></system-out>
  <system-err><![CDATA[]]></system-err>
</testsuite>
