<?xml version="1.0" encoding="UTF-8"?>
<testsuite name="com.blockreality.impl.server.AnalysisExecutorTest" tests="3" skipped="0" failures="0" errors="0" timestamp="2026-09-10T01:38:06" hostname="rockylaptop" time="0.008">
  <properties/>
  <testcase name="shutdownIsIdempotentAndSafeWithoutAPool()" classname="com.blockreality.impl.server.AnalysisExecutorTest" time="0.001"/>
  <testcase name="submitAfterShutdownDoesNotThrowItReportsFalse()" classname="com.blockreality.impl.server.AnalysisExecutorTest" time="0.003"/>
  <testcase name="thePoolIsRebuiltAfterShutdown()" classname="com.blockreality.impl.server.AnalysisExecutorTest" time="0.003"/>
  <system-out><![CDATA[]]></system-out>
  <system-err><![CDATA[]]></system-err>
</testsuite>
