<?xml version="1.0" encoding="UTF-8"?>
<testsuite name="com.blockreality.core.engine.GameInputNativeTest" tests="4" skipped="0" failures="0" errors="0" timestamp="2026-09-10T01:49:14" hostname="rockylaptop" time="0.132">
  <properties/>
  <testcase name="refusedVocabularyRedeclarationInvalidatesOldWorldAndNames()" classname="com.blockreality.core.engine.GameInputNativeTest" time="0.01"/>
  <testcase name="profilingObservesTheRealBridgeWithoutChangingNativeResults()" classname="com.blockreality.core.engine.GameInputNativeTest" time="0.083"/>
  <testcase name="declaredRectangularPresentationAxesAgreeWithDeliveredNativeFrames()" classname="com.blockreality.core.engine.GameInputNativeTest" time="0.032"/>
  <testcase name="fullGameVocabularyAndSnapshotReachTheRealEngine()" classname="com.blockreality.core.engine.GameInputNativeTest" time="0.005"/>
  <system-out><![CDATA[]]></system-out>
  <system-err><![CDATA[]]></system-err>
</testsuite>
