<?xml version="1.0" encoding="UTF-8"?>
<testsuite name="com.blockreality.core.DisplayTrackPrecisionTest" tests="2" skipped="0" failures="0" errors="0" timestamp="2026-09-10T01:49:13" hostname="rockylaptop" time="0.016">
  <properties/>
  <testcase name="oneFloatRoundTripStaysInsideTheDisplayBudget()" classname="com.blockreality.core.DisplayTrackPrecisionTest" time="0.014"/>
  <testcase name="theBoundaryValuesTheClassifierCaresAboutSurvive()" classname="com.blockreality.core.DisplayTrackPrecisionTest" time="0.0"/>
  <system-out><![CDATA[]]></system-out>
  <system-err><![CDATA[]]></system-err>
</testsuite>
