<?xml version="1.0" encoding="UTF-8"?>
<testsuite name="com.blockreality.core.world.ArtifactAnalysisLinksTest" tests="2" skipped="0" failures="0" errors="0" timestamp="2026-09-10T01:49:20" hostname="rockylaptop" time="0.01">
  <properties/>
  <testcase name="staleFailedOrPendingStateDoesNotPublishCurrentMappings()" classname="com.blockreality.core.world.ArtifactAnalysisLinksTest" time="0.007"/>
  <testcase name="oneObjectLinksToManyNativeElementsAndNeverChangesWithSolverNumbers()" classname="com.blockreality.core.world.ArtifactAnalysisLinksTest" time="0.002"/>
  <system-out><![CDATA[]]></system-out>
  <system-err><![CDATA[]]></system-err>
</testsuite>
