<?xml version="1.0" encoding="UTF-8"?>
<testsuite name="com.blockreality.core.world.ConstructionSnapshotTest" tests="5" skipped="0" failures="0" errors="0" timestamp="2026-09-09T22:45:12" hostname="ROCKYLAPTOP" time="0.017">
  <properties/>
  <testcase name="workAndGraphViewsRejectEveryMutableEntryPoint()" classname="com.blockreality.core.world.ConstructionSnapshotTest" time="0.006"/>
  <testcase name="backgroundSnapshotRemainsStableDuringEditsAndStaleResultCannotPublish()" classname="com.blockreality.core.world.ConstructionSnapshotTest" time="0.004"/>
  <testcase name="snapshotNullRejectionSurvivesHashBackedStorage()" classname="com.blockreality.core.world.ConstructionSnapshotTest" time="0.003"/>
  <testcase name="workSnapshotDoesNotAliasCallerCollections()" classname="com.blockreality.core.world.ConstructionSnapshotTest" time="0.0"/>
  <testcase name="graphRecordsAndRangeViewsNeverExposeMutableEntries()" classname="com.blockreality.core.world.ConstructionSnapshotTest" time="0.004"/>
  <system-out><![CDATA[]]></system-out>
  <system-err><![CDATA[]]></system-err>
</testsuite>
