<?xml version="1.0" encoding="UTF-8"?>
<testsuite name="com.blockreality.core.render.BucklingReadoutTest" tests="3" skipped="0" failures="0" errors="0" timestamp="2026-09-09T22:45:10" hostname="ROCKYLAPTOP" time="0.008">
  <properties/>
  <testcase name="refusedWorldKeepsTheSuppliedLocalCriticalWarning()" classname="com.blockreality.core.render.BucklingReadoutTest" time="0.004"/>
  <testcase name="neverDerivesCriticalFromTheDisplayedFactor()" classname="com.blockreality.core.render.BucklingReadoutTest" time="0.004"/>
  <testcase name="everyWorldStateHasAnExplicitReadout()" classname="com.blockreality.core.render.BucklingReadoutTest" time="0.0"/>
  <system-out><![CDATA[]]></system-out>
  <system-err><![CDATA[]]></system-err>
</testsuite>
