<?xml version="1.0" encoding="UTF-8"?>
<testsuite name="com.blockreality.core.engine.NativeCacheTest" tests="11" skipped="0" failures="0" errors="0" timestamp="2026-09-09T22:45:10" hostname="ROCKYLAPTOP" time="0.056">
  <properties/>
  <testcase name="darwinUsesTheSameNormalisationAsManifestSelection()" classname="com.blockreality.core.engine.NativeCacheTest" time="0.003"/>
  <testcase name="manifestReadIsBounded()" classname="com.blockreality.core.engine.NativeCacheTest" time="0.003"/>
  <testcase name="otherVersionsAndLegacyCacheArePreserved()" classname="com.blockreality.core.engine.NativeCacheTest" time="0.011"/>
  <testcase name="duplicatePlatformIsRejected()" classname="com.blockreality.core.engine.NativeCacheTest" time="0.002"/>
  <testcase name="contractMismatchIsRejectedBeforeOpeningLibraryOrAdoptingCache()" classname="com.blockreality.core.engine.NativeCacheTest" time="0.005"/>
  <testcase name="corruptCacheIsRepaired()" classname="com.blockreality.core.engine.NativeCacheTest" time="0.008"/>
  <testcase name="interruptedStreamPublishesNothingAndCleansTemporary()" classname="com.blockreality.core.engine.NativeCacheTest" time="0.005"/>
  <testcase name="fullHashAndPlatformArePartOfCacheIdentity()" classname="com.blockreality.core.engine.NativeCacheTest" time="0.001"/>
  <testcase name="deniedDestinationIsRecoverable()" classname="com.blockreality.core.engine.NativeCacheTest" time="0.002"/>
  <testcase name="overlongResourceStopsAtDeclaredSizePlusOne()" classname="com.blockreality.core.engine.NativeCacheTest" time="0.004"/>
  <testcase name="simultaneousUnpackConverges()" classname="com.blockreality.core.engine.NativeCacheTest" time="0.01"/>
  <system-out><![CDATA[]]></system-out>
  <system-err><![CDATA[]]></system-err>
</testsuite>
