<?xml version="1.0" encoding="UTF-8"?>
<testsuite name="com.blockreality.core.compliance.NoSubprocessTest" tests="2" skipped="0" failures="0" errors="0" timestamp="2026-09-09T22:45:10" hostname="ROCKYLAPTOP" time="0.056">
  <properties/>
  <testcase name="theInProcessEngineStartsNothing()" classname="com.blockreality.core.compliance.NoSubprocessTest" time="0.02"/>
  <testcase name="theShippedCodeStartsNoProcessesExceptTheOnesNamedHere()" classname="com.blockreality.core.compliance.NoSubprocessTest" time="0.036"/>
  <system-out><![CDATA[]]></system-out>
  <system-err><![CDATA[]]></system-err>
</testsuite>
