<?xml version="1.0" encoding="UTF-8"?>
<testsuite name="com.blockreality.core.sidecar.SidecarEngineTest" tests="28" skipped="0" failures="0" errors="0" timestamp="2026-09-10T01:43:27" hostname="rockylaptop" time="1.352">
  <properties/>
  <testcase name="theWorstSectionCanBeInTheMiddleAndTheScreenMustSeeIt()" classname="com.blockreality.core.sidecar.SidecarEngineTest" time="0.1"/>
  <testcase name="aLoadInsideAMemberSplitsItAtThatPoint()" classname="com.blockreality.core.sidecar.SidecarEngineTest" time="0.036"/>
  <testcase name="anUnknownSectionIsRefusedRatherThanDefaulted()" classname="com.blockreality.core.sidecar.SidecarEngineTest" time="0.03"/>
  <testcase name="aSectionChangeSplitsTheMemberButKeepsItConnected()" classname="com.blockreality.core.sidecar.SidecarEngineTest" time="0.035"/>
  <testcase name="theSupportMomentIsRecoveredAndNeverLowersADemand()" classname="com.blockreality.core.sidecar.SidecarEngineTest" time="0.187"/>
  <testcase name="repeatedSolvesAtTheSameRevisionAreIdentical()" classname="com.blockreality.core.sidecar.SidecarEngineTest" time="0.032"/>
  <testcase name="aFloorCarriesNoMembraneForceUnderItsOwnWeight()" classname="com.blockreality.core.sidecar.SidecarEngineTest" time="0.037"/>
  <testcase name="aShearWallCarriesLoadInItsOwnPlane()" classname="com.blockreality.core.sidecar.SidecarEngineTest" time="0.041"/>
  <testcase name="overloadingTheMemberPushesDemandOverCapacity()" classname="com.blockreality.core.sidecar.SidecarEngineTest" time="0.032"/>
  <testcase name="shmAndJsonTransportsAgree()" classname="com.blockreality.core.sidecar.SidecarEngineTest" time="0.061"/>
  <testcase name="everyBlockCentreIsInsideTheMeshAndOnlyTheOuterHalfBlockIsClamped()" classname="com.blockreality.core.sidecar.SidecarEngineTest" time="0.049"/>
  <testcase name="aLoadOnNoElementAtAllIsStillRefused()" classname="com.blockreality.core.sidecar.SidecarEngineTest" time="0.029"/>
  <testcase name="everySolveCarriesItsOwnEquilibriumCheck()" classname="com.blockreality.core.sidecar.SidecarEngineTest" time="0.049"/>
  <testcase name="shmTransportCarriesShellsIdentically()" classname="com.blockreality.core.sidecar.SidecarEngineTest" time="0.037"/>
  <testcase name="anUnsupportedStructureIsReportedAsAMechanism()" classname="com.blockreality.core.sidecar.SidecarEngineTest" time="0.031"/>
  <testcase name="oneUnsupportedBuildingDoesNotSilenceTheOthers()" classname="com.blockreality.core.sidecar.SidecarEngineTest" time="0.032"/>
  <testcase name="everyStationMatchesTheClosedFormBendingStress()" classname="com.blockreality.core.sidecar.SidecarEngineTest" time="0.032"/>
  <testcase name="aRunOfBlocksBecomesOneMemberNotFive()" classname="com.blockreality.core.sidecar.SidecarEngineTest" time="0.031"/>
  <testcase name="aSlabBecomesPlateFacetsAndNotAGridOfBeams()" classname="com.blockreality.core.sidecar.SidecarEngineTest" time="0.036"/>
  <testcase name="aSlenderColumnIsCalledSafeByStressAndUnstableByBuckling()" classname="com.blockreality.core.sidecar.SidecarEngineTest" time="0.033"/>
  <testcase name="handshakeReportsTheCatalogue()" classname="com.blockreality.core.sidecar.SidecarEngineTest" time="0.026"/>
  <testcase name="theSpanMomentMatchesTimoshenko()" classname="com.blockreality.core.sidecar.SidecarEngineTest" time="0.169"/>
  <testcase name="aSingleBlockIsNotABeam()" classname="com.blockreality.core.sidecar.SidecarEngineTest" time="0.028"/>
  <testcase name="aColumnSharesItsTopNodeWithTheFloorItHoldsUp()" classname="com.blockreality.core.sidecar.SidecarEngineTest" time="0.032"/>
  <testcase name="theFreeEndCarriesNoBendingStress()" classname="com.blockreality.core.sidecar.SidecarEngineTest" time="0.03"/>
  <testcase name="aBeamHeldAtBothEndsHogsAtTheSupportAndSagsBetween()" classname="com.blockreality.core.sidecar.SidecarEngineTest" time="0.032"/>
  <testcase name="theOverlayDrawnFromRealEngineOutputIsBlueOnTopAndRedBelow()" classname="com.blockreality.core.sidecar.SidecarEngineTest" time="0.036"/>
  <testcase name="topFibreIsInTensionAndBottomInCompression()" classname="com.blockreality.core.sidecar.SidecarEngineTest" time="0.03"/>
  <system-out><![CDATA[]]></system-out>
  <system-err><![CDATA[]]></system-err>
</testsuite>
